[2019-06-07T14:43:21.784102] [spgwc] [sgwc_app ] [start] Options parsed
[2019-06-07T14:43:21.784872] [spgwc] [sgwc_app ] [info ] SettingNotFoundException : S-GW.INTERFACES.S11_CP.SCHED_PARAMS, using defaults
[2019-06-07T14:43:21.784972] [spgwc] [sgwc_app ] [info ] SettingNotFoundException : S-GW.INTERFACES.S5_S8_CP.SCHED_PARAMS, using defaults
[2019-06-07T14:43:21.785047] [spgwc] [sgwc_app ] [info ] ==== EURECOM SPGW-C vBranch: master Abrev. Hash: 4fee0d1 Date: Mon May 27 12:59:45 2019 +0200 ====
[2019-06-07T14:43:21.785063] [spgwc] [sgwc_app ] [info ] Configuration SGW-C:
[2019-06-07T14:43:21.785073] [spgwc] [sgwc_app ] [info ] - S5_S8-C Networking:
[2019-06-07T14:43:21.785082] [spgwc] [sgwc_app ] [info ]     iface ............: ens193:s5c
[2019-06-07T14:43:21.785092] [spgwc] [sgwc_app ] [info ]     ipv4.addr ........: 172.58.58.102
[2019-06-07T14:43:21.785102] [spgwc] [sgwc_app ] [info ]     ipv4.mask ........: 255.255.0.0
[2019-06-07T14:43:21.785111] [spgwc] [sgwc_app ] [info ]     port .............: 2123
[2019-06-07T14:43:21.785120] [spgwc] [sgwc_app ] [info ] - S5_S8-C Threading:
[2019-06-07T14:43:21.785128] [spgwc] [sgwc_app ] [info ]     CPU id............: 0
[2019-06-07T14:43:21.785137] [spgwc] [sgwc_app ] [info ]     Scheduling policy : 1
[2019-06-07T14:43:21.785146] [spgwc] [sgwc_app ] [info ]     Scheduling prio  .: 95
[2019-06-07T14:43:21.785154] [spgwc] [sgwc_app ] [info ] - S11-C Networking:
[2019-06-07T14:43:21.785163] [spgwc] [sgwc_app ] [info ]     iface ............: ens193:s11
[2019-06-07T14:43:21.785172] [spgwc] [sgwc_app ] [info ]     ipv4.addr ........: 172.16.1.104
[2019-06-07T14:43:21.785182] [spgwc] [sgwc_app ] [info ]     ipv4.mask ........: 255.255.0.0
[2019-06-07T14:43:21.785191] [spgwc] [sgwc_app ] [info ]     port .............: 2123
[2019-06-07T14:43:21.785200] [spgwc] [sgwc_app ] [info ] - S11-C Threading:
[2019-06-07T14:43:21.785208] [spgwc] [sgwc_app ] [info ]     CPU id............: 0
[2019-06-07T14:43:21.785217] [spgwc] [sgwc_app ] [info ]     Scheduling policy : 1
[2019-06-07T14:43:21.785226] [spgwc] [sgwc_app ] [info ]     Scheduling prio  .: 95
[2019-06-07T14:43:21.785234] [spgwc] [sgwc_app ] [info ] - ITTI Timer Task Threading:
[2019-06-07T14:43:21.785243] [spgwc] [sgwc_app ] [info ]     CPU id............: 0
[2019-06-07T14:43:21.785252] [spgwc] [sgwc_app ] [info ]     Scheduling policy : 1
[2019-06-07T14:43:21.785260] [spgwc] [sgwc_app ] [info ]     Scheduling prio  .: 85
[2019-06-07T14:43:21.785269] [spgwc] [sgwc_app ] [info ] - ITTI S11 Task Threading:
[2019-06-07T14:43:21.785277] [spgwc] [sgwc_app ] [info ]     CPU id............: 0
[2019-06-07T14:43:21.785286] [spgwc] [sgwc_app ] [info ]     Scheduling policy : 1
[2019-06-07T14:43:21.785295] [spgwc] [sgwc_app ] [info ]     Scheduling prio  .: 84
[2019-06-07T14:43:21.785304] [spgwc] [sgwc_app ] [info ] - ITTI S5S8 Task Threading:
[2019-06-07T14:43:21.785312] [spgwc] [sgwc_app ] [info ]     CPU id............: 0
[2019-06-07T14:43:21.785321] [spgwc] [sgwc_app ] [info ]     Scheduling policy : 1
[2019-06-07T14:43:21.785330] [spgwc] [sgwc_app ] [info ]     Scheduling prio  .: 84
[2019-06-07T14:43:21.785338] [spgwc] [sgwc_app ] [info ] - ITTI SGW_APP task Threading:
[2019-06-07T14:43:21.785347] [spgwc] [sgwc_app ] [info ]     CPU id............: 0
[2019-06-07T14:43:21.785356] [spgwc] [sgwc_app ] [info ]     Scheduling policy : 1
[2019-06-07T14:43:21.785364] [spgwc] [sgwc_app ] [info ]     Scheduling prio  .: 84
[2019-06-07T14:43:21.785373] [spgwc] [sgwc_app ] [info ] - ITTI ASYNC_CMD task Threading:
[2019-06-07T14:43:21.785382] [spgwc] [sgwc_app ] [info ]     CPU id............: 0
[2019-06-07T14:43:21.785390] [spgwc] [sgwc_app ] [info ]     Scheduling policy : 1
[2019-06-07T14:43:21.785399] [spgwc] [sgwc_app ] [info ]     Scheduling prio  .: 84
[2019-06-07T14:43:21.785767] [spgwc] [pgwc_app ] [info ] SettingNotFoundException : P-GW.ITTI_TASKS, using defaults
[2019-06-07T14:43:21.785866] [spgwc] [pgwc_app ] [info ] SettingNotFoundException : P-GW.INTERFACES.S5_S8_CP.SCHED_PARAMS, using defaults
[2019-06-07T14:43:21.785937] [spgwc] [pgwc_app ] [info ] SettingNotFoundException : P-GW.INTERFACES.SX.SCHED_PARAMS, using defaults
[2019-06-07T14:43:21.786210] [spgwc] [pgwc_app ] [info ] Finalize config...
[2019-06-07T14:43:21.786233] [spgwc] [pgwc_app ] [info ] Finalized config
[2019-06-07T14:43:21.786269] [spgwc] [pgwc_app ] [info ] ==== EURECOM SPGW-C vBranch: master Abrev. Hash: 4fee0d1 Date: Mon May 27 12:59:45 2019 +0200 ====
[2019-06-07T14:43:21.786282] [spgwc] [pgwc_app ] [info ] Configuration PGW-C:
[2019-06-07T14:43:21.786292] [spgwc] [pgwc_app ] [info ] - Instance ..............: 1

[2019-06-07T14:43:21.786301] [spgwc] [pgwc_app ] [info ] - PID dir ...............: /var/run

[2019-06-07T14:43:21.786310] [spgwc] [pgwc_app ] [info ] - S5S8-C Networking:
[2019-06-07T14:43:21.786319] [spgwc] [pgwc_app ] [info ]     iface ............: ens193:p5c
[2019-06-07T14:43:21.786329] [spgwc] [pgwc_app ] [info ]     ipv4.addr ........: 172.58.58.101
[2019-06-07T14:43:21.786338] [spgwc] [pgwc_app ] [info ]     ipv4.mask ........: 255.255.0.0
[2019-06-07T14:43:21.786347] [spgwc] [pgwc_app ] [info ]     port .............: 2123
[2019-06-07T14:43:21.786356] [spgwc] [pgwc_app ] [info ]     MTU ..............: 1500
[2019-06-07T14:43:21.786365] [spgwc] [pgwc_app ] [info ] - SX Networking:
[2019-06-07T14:43:21.786374] [spgwc] [pgwc_app ] [info ]     iface ................: ens193:sxc
[2019-06-07T14:43:21.786383] [spgwc] [pgwc_app ] [info ]     ip ...................: 172.55.55.101
[2019-06-07T14:43:21.786392] [spgwc] [pgwc_app ] [info ]     port .................: 8805
[2019-06-07T14:43:21.786401] [spgwc] [pgwc_app ] [info ] - S5S8 Threading:
[2019-06-07T14:43:21.786410] [spgwc] [pgwc_app ] [info ]     CPU id............: 0
[2019-06-07T14:43:21.786419] [spgwc] [pgwc_app ] [info ]     Scheduling policy : 1
[2019-06-07T14:43:21.786427] [spgwc] [pgwc_app ] [info ]     Scheduling prio  .: 90
[2019-06-07T14:43:21.786436] [spgwc] [pgwc_app ] [info ] - SX Threading:
[2019-06-07T14:43:21.786445] [spgwc] [pgwc_app ] [info ]     CPU id............: 0
[2019-06-07T14:43:21.786454] [spgwc] [pgwc_app ] [info ]     Scheduling policy : 1
[2019-06-07T14:43:21.786462] [spgwc] [pgwc_app ] [info ]     Scheduling prio  .: 90
[2019-06-07T14:43:21.786471] [spgwc] [pgwc_app ] [info ] - ITTI Timer Task Threading:
[2019-06-07T14:43:21.786480] [spgwc] [pgwc_app ] [info ]     CPU id............: 0
[2019-06-07T14:43:21.786488] [spgwc] [pgwc_app ] [info ]     Scheduling policy : 1
[2019-06-07T14:43:21.786497] [spgwc] [pgwc_app ] [info ]     Scheduling prio  .: 85
[2019-06-07T14:43:21.786506] [spgwc] [pgwc_app ] [info ] - ITTI S5S8 Task Threading:
[2019-06-07T14:43:21.786514] [spgwc] [pgwc_app ] [info ]     CPU id............: 0
[2019-06-07T14:43:21.786523] [spgwc] [pgwc_app ] [info ]     Scheduling policy : 1
[2019-06-07T14:43:21.786532] [spgwc] [pgwc_app ] [info ]     Scheduling prio  .: 84
[2019-06-07T14:43:21.786540] [spgwc] [pgwc_app ] [info ] - ITTI Sx Task Threading:
[2019-06-07T14:43:21.786549] [spgwc] [pgwc_app ] [info ]     CPU id............: 0
[2019-06-07T14:43:21.786558] [spgwc] [pgwc_app ] [info ]     Scheduling policy : 1
[2019-06-07T14:43:21.786566] [spgwc] [pgwc_app ] [info ]     Scheduling prio  .: 84
[2019-06-07T14:43:21.786575] [spgwc] [pgwc_app ] [info ] - ITTI PGW_APP task Threading:
[2019-06-07T14:43:21.786583] [spgwc] [pgwc_app ] [info ]     CPU id............: 0
[2019-06-07T14:43:21.786592] [spgwc] [pgwc_app ] [info ]     Scheduling policy : 1
[2019-06-07T14:43:21.786601] [spgwc] [pgwc_app ] [info ]     Scheduling prio  .: 84
[2019-06-07T14:43:21.786610] [spgwc] [pgwc_app ] [info ] - ITTI ASYNC_CMD task Threading:
[2019-06-07T14:43:21.786619] [spgwc] [pgwc_app ] [info ]     CPU id............: 0
[2019-06-07T14:43:21.786627] [spgwc] [pgwc_app ] [info ]     Scheduling policy : 1
[2019-06-07T14:43:21.786636] [spgwc] [pgwc_app ] [info ]     Scheduling prio  .: 84
[2019-06-07T14:43:21.786645] [spgwc] [pgwc_app ] [info ] - IP_ADDRESS_POOL:
[2019-06-07T14:43:21.786656] [spgwc] [pgwc_app ] [info ]     IPv4 pool 0 ..........: 12.2.1.2 - 12.2.1.128
[2019-06-07T14:43:21.786668] [spgwc] [pgwc_app ] [info ]     IPv6 pool 0 ..........: 2001:1:2:: / 64
[2019-06-07T14:43:21.786688] [spgwc] [pgwc_app ] [info ]     IPv6 pool 1 ..........: 3001:1:2:: / 64
[2019-06-07T14:43:21.786699] [spgwc] [pgwc_app ] [info ]     IPv6 pool 2 ..........: 4001:1:2:: / 64
[2019-06-07T14:43:21.786708] [spgwc] [pgwc_app ] [info ] - DEFAULT DNS:
[2019-06-07T14:43:21.786717] [spgwc] [pgwc_app ] [info ]     Primary DNS ..........: 10.118.81.1
[2019-06-07T14:43:21.786727] [spgwc] [pgwc_app ] [info ]     Secondary DNS ........: 10.118.81.1
[2019-06-07T14:43:21.786737] [spgwc] [pgwc_app ] [info ]     Primary DNS v6........: 2001:4860:4860::8888
[2019-06-07T14:43:21.786746] [spgwc] [pgwc_app ] [info ]     Secondary DNS v6 .....: 2001:4860:4860::8844
[2019-06-07T14:43:21.786755] [spgwc] [pgwc_app ] [info ] - APN_LIST:
[2019-06-07T14:43:21.786764] [spgwc] [pgwc_app ] [info ]     APN 0:
[2019-06-07T14:43:21.786773] [spgwc] [pgwc_app ] [info ]         APN_NI:  default.mnc001.mcc001.gprs
[2019-06-07T14:43:21.786783] [spgwc] [pgwc_app ] [info ]         PDN_TYPE:  IPV4
[2019-06-07T14:43:21.786794] [spgwc] [pgwc_app ] [info ]         IPV4_POOL:  0 ( 12.2.1.2 - 12.2.1.128)
[2019-06-07T14:43:21.786803] [spgwc] [pgwc_app ] [info ] - PCEF support (in development)
[2019-06-07T14:43:21.786812] [spgwc] [pgwc_app ] [info ]     APN AMBR UL ..........: 500000  (Kilo bits/s)
[2019-06-07T14:43:21.786822] [spgwc] [pgwc_app ] [info ]     APN AMBR DL ..........: 500000  (Kilo bits/s)
[2019-06-07T14:43:21.786830] [spgwc] [pgwc_app ] [info ] - Helpers:
[2019-06-07T14:43:21.786839] [spgwc] [pgwc_app ] [info ]     Push PCO (DNS+MTU) ........: false
[2019-06-07T14:43:21.786890] [spgwc] [itti     ] [start] Starting...
[2019-06-07T14:43:21.787112] [spgwc] [itti     ] [start] Started
[2019-06-07T14:43:21.787133] [spgwc] [async_c  ] [start] Starting...
[2019-06-07T14:43:21.787125] [spgwc] [itti     ] [info ] Starting timer_manager_task
[2019-06-07T14:43:21.788376] [spgwc] [async_c  ] [start] Started
[2019-06-07T14:43:21.788464] [spgwc] [pgwc_app ] [start] Starting...
[2019-06-07T14:43:21.788486] [spgwc] [pgwc_app ] [info ] Apply config...
[2019-06-07T14:43:21.788497] [spgwc] [pgwc_app ] [info ]  ***** apply_config: cfg.num_apn: 1
[2019-06-07T14:43:21.788508] [spgwc] [pgwc_app ] [info ]  ***** apply_config: pool_id_iv4: 0, pool_id_iv6: -1, apn_label: defaultmnc001mcc001gprs
[2019-06-07T14:43:21.788521] [spgwc] [pgwc_app ] [info ]  ***** add_pool: pool_id 0
[2019-06-07T14:43:21.788563] [spgwc] [pgwc_app ] [info ]  ***** add_pool: ipv4_pools
[2019-06-07T14:43:21.788641] [spgwc] [pgwc_app ] [info ]  ***** add_pool: apns apn_label default.mnc001.mcc001.gprs
[2019-06-07T14:43:21.788661] [spgwc] [pgwc_app ] [info ] Applied config
[2019-06-07T14:43:21.789905] [spgwc] [udp      ] [debug] Creating new listen socket on address 172.58.58.101 and port 2123

[2019-06-07T14:43:21.789938] [spgwc] [udp      ] [debug] udp_server::udp_server(172.58.58.101:2123)
[2019-06-07T14:43:21.789958] [spgwc] [udp      ] [debug] Creating new listen socket on address 172.58.58.101 and port 0

[2019-06-07T14:43:21.789973] [spgwc] [udp      ] [debug] udp_server::udp_server(172.58.58.101:0)
[2019-06-07T14:43:21.789987] [spgwc] [gtpv2_c  ] [info ] gtpv2c_stack created listening to 172.58.58.101:2123 initial seq num 789985515
[2019-06-07T14:43:21.790004] [spgwc] [udp      ] [trace] udp_server::start_receive
[2019-06-07T14:43:21.790172] [spgwc] [udp      ] [trace] udp_server::start_receive
[2019-06-07T14:43:21.790341] [spgwc] [pgwc_s5  ] [start] Starting...
[2019-06-07T14:43:21.791630] [spgwc] [pgwc_s5  ] [start] Started
[2019-06-07T14:43:21.791714] [spgwc] [udp      ] [debug] Creating new listen socket on address 172.55.55.101 and port 8805

[2019-06-07T14:43:21.791738] [spgwc] [udp      ] [debug] udp_server::udp_server(172.55.55.101:8805)
[2019-06-07T14:43:21.791757] [spgwc] [udp      ] [debug] Creating new listen socket on address 172.55.55.101 and port 0

[2019-06-07T14:43:21.791771] [spgwc] [udp      ] [debug] udp_server::udp_server(172.55.55.101:0)
[2019-06-07T14:43:21.791785] [spgwc] [pfcp     ] [info ] pfcp_l4_stack created listening to 172.55.55.101:8805
[2019-06-07T14:43:21.791814] [spgwc] [udp      ] [trace] udp_server::start_receive
[2019-06-07T14:43:21.791947] [spgwc] [udp      ] [trace] udp_server::start_receive
[2019-06-07T14:43:21.792101] [spgwc] [pgwc_sx  ] [start] Starting...
[2019-06-07T14:43:21.793355] [spgwc] [pgwc_sx  ] [start] Started
[2019-06-07T14:43:21.793379] [spgwc] [pgwc_app ] [start] Started
[2019-06-07T14:43:21.793458] [spgwc] [sgwc_app ] [start] Starting...
[2019-06-07T14:43:21.793498] [spgwc] [udp      ] [debug] Creating new listen socket on address 172.58.58.102 and port 2123

[2019-06-07T14:43:21.793516] [spgwc] [udp      ] [debug] udp_server::udp_server(172.58.58.102:2123)
[2019-06-07T14:43:21.793534] [spgwc] [udp      ] [debug] Creating new listen socket on address 172.58.58.102 and port 0

[2019-06-07T14:43:21.793547] [spgwc] [udp      ] [debug] udp_server::udp_server(172.58.58.102:0)
[2019-06-07T14:43:21.793561] [spgwc] [gtpv2_c  ] [info ] gtpv2c_stack created listening to 172.58.58.102:2123 initial seq num 793559625
[2019-06-07T14:43:21.793574] [spgwc] [udp      ] [trace] udp_server::start_receive
[2019-06-07T14:43:21.793703] [spgwc] [udp      ] [trace] udp_server::start_receive
[2019-06-07T14:43:21.793855] [spgwc] [sgwc_s5  ] [start] Starting...
[2019-06-07T14:43:21.795087] [spgwc] [sgwc_s5  ] [start] Started
[2019-06-07T14:43:21.795141] [spgwc] [udp      ] [debug] Creating new listen socket on address 172.16.1.104 and port 2123

[2019-06-07T14:43:21.795161] [spgwc] [udp      ] [debug] udp_server::udp_server(172.16.1.104:2123)
[2019-06-07T14:43:21.795179] [spgwc] [udp      ] [debug] Creating new listen socket on address 172.16.1.104 and port 0

[2019-06-07T14:43:21.795192] [spgwc] [udp      ] [debug] udp_server::udp_server(172.16.1.104:0)
[2019-06-07T14:43:21.795206] [spgwc] [gtpv2_c  ] [info ] gtpv2c_stack created listening to 172.16.1.104:2123 initial seq num 795204428
[2019-06-07T14:43:21.795218] [spgwc] [udp      ] [trace] udp_server::start_receive
[2019-06-07T14:43:21.795344] [spgwc] [udp      ] [trace] udp_server::start_receive
[2019-06-07T14:43:21.795488] [spgwc] [sgwc_s11 ] [start] Starting...
[2019-06-07T14:43:21.796741] [spgwc] [sgwc_s11 ] [start] Started
[2019-06-07T14:43:39.062872] [spgwc] [pgwc_sx  ] [info ] handle_receive(31 bytes)
[2019-06-07T14:43:39.064501] [spgwc] [pgwc_sx  ] [trace] handle_receive_pfcp_msg msg type 5 length 27
[2019-06-07T14:43:39.069747] [spgwc] [pfcp     ] [trace] Sending PFCP_ASSOCIATION_SETUP_RESPONSE, seq 6823873
[2019-06-07T14:43:44.070876] [spgwc] [pgwc_sx  ] [info ] handle_receive(16 bytes)
[2019-06-07T14:43:44.070964] [spgwc] [pgwc_sx  ] [trace] handle_receive_pfcp_msg msg type 1 length 12
[2019-06-07T14:43:44.071085] [spgwc] [pfcp     ] [trace] Sending HEARTBEAT_RESPONSE, seq 6823874
[2019-06-07T14:43:49.067178] [spgwc] [pgwc_sx  ] [info ] TIME-OUT event timer id 2
[2019-06-07T14:43:49.067272] [spgwc] [pgwc_sx  ] [info ] PFCP HEARTBEAT PROCEDURE hash 1714894764 starting
[2019-06-07T14:43:49.067468] [spgwc] [pfcp     ] [trace] Sending HEARTBEAT_REQUEST, seq 3284005
[2019-06-07T14:43:49.068315] [spgwc] [pgwc_sx  ] [info ] handle_receive(16 bytes)
[2019-06-07T14:43:49.068440] [spgwc] [pgwc_sx  ] [trace] handle_receive_pfcp_msg msg type 2 length 12
[2019-06-07T14:43:49.071517] [spgwc] [pgwc_sx  ] [info ] handle_receive(16 bytes)
[2019-06-07T14:43:49.071563] [spgwc] [pgwc_sx  ] [trace] handle_receive_pfcp_msg msg type 1 length 12
[2019-06-07T14:43:49.071633] [spgwc] [pfcp     ] [trace] Sending HEARTBEAT_RESPONSE, seq 6823875
[2019-06-07T14:43:54.067697] [spgwc] [pgwc_sx  ] [info ] TIME-OUT event timer id 6
[2019-06-07T14:43:54.072073] [spgwc] [pgwc_sx  ] [info ] handle_receive(16 bytes)
[2019-06-07T14:43:54.072143] [spgwc] [pgwc_sx  ] [trace] handle_receive_pfcp_msg msg type 1 length 12
[2019-06-07T14:43:54.072235] [spgwc] [pfcp     ] [trace] Sending HEARTBEAT_RESPONSE, seq 6823876
[2019-06-07T14:43:59.068654] [spgwc] [pgwc_sx  ] [info ] TIME-OUT event timer id 7
[2019-06-07T14:43:59.068749] [spgwc] [pgwc_sx  ] [info ] PFCP HEARTBEAT PROCEDURE hash 1714894764 starting
[2019-06-07T14:43:59.069025] [spgwc] [pfcp     ] [trace] Sending HEARTBEAT_REQUEST, seq 3284006
[2019-06-07T14:43:59.069502] [spgwc] [pgwc_sx  ] [info ] handle_receive(16 bytes)
[2019-06-07T14:43:59.069559] [spgwc] [pgwc_sx  ] [trace] handle_receive_pfcp_msg msg type 2 length 12
[2019-06-07T14:43:59.072638] [spgwc] [pgwc_sx  ] [info ] handle_receive(16 bytes)
[2019-06-07T14:43:59.072684] [spgwc] [pgwc_sx  ] [trace] handle_receive_pfcp_msg msg type 1 length 12
[2019-06-07T14:43:59.072752] [spgwc] [pfcp     ] [trace] Sending HEARTBEAT_RESPONSE, seq 6823877
[2019-06-07T14:44:04.069296] [spgwc] [pgwc_sx  ] [info ] TIME-OUT event timer id 12
[2019-06-07T14:44:04.073178] [spgwc] [pgwc_sx  ] [info ] handle_receive(16 bytes)
[2019-06-07T14:44:04.073254] [spgwc] [pgwc_sx  ] [trace] handle_receive_pfcp_msg msg type 1 length 12
[2019-06-07T14:44:04.073369] [spgwc] [pfcp     ] [trace] Sending HEARTBEAT_RESPONSE, seq 6823878
[2019-06-07T14:44:09.069766] [spgwc] [pgwc_sx  ] [info ] TIME-OUT event timer id 13
[2019-06-07T14:44:09.069886] [spgwc] [pgwc_sx  ] [info ] PFCP HEARTBEAT PROCEDURE hash 1714894764 starting
[2019-06-07T14:44:09.070093] [spgwc] [pfcp     ] [trace] Sending HEARTBEAT_REQUEST, seq 3284007
[2019-06-07T14:44:09.070638] [spgwc] [pgwc_sx  ] [info ] handle_receive(16 bytes)
[2019-06-07T14:44:09.070694] [spgwc] [pgwc_sx  ] [trace] handle_receive_pfcp_msg msg type 2 length 12
[2019-06-07T14:44:09.073784] [spgwc] [pgwc_sx  ] [info ] handle_receive(16 bytes)
[2019-06-07T14:44:09.073850] [spgwc] [pgwc_sx  ] [trace] handle_receive_pfcp_msg msg type 1 length 12
[2019-06-07T14:44:09.073931] [spgwc] [pfcp     ] [trace] Sending HEARTBEAT_RESPONSE, seq 6823879
[2019-06-07T14:44:14.070351] [spgwc] [pgwc_sx  ] [info ] TIME-OUT event timer id 18
[2019-06-07T14:44:14.074442] [spgwc] [pgwc_sx  ] [info ] handle_receive(16 bytes)
[2019-06-07T14:44:14.074513] [spgwc] [pgwc_sx  ] [trace] handle_receive_pfcp_msg msg type 1 length 12
[2019-06-07T14:44:14.074606] [spgwc] [pfcp     ] [trace] Sending HEARTBEAT_RESPONSE, seq 6823880
[2019-06-07T14:44:19.070902] [spgwc] [pgwc_sx  ] [info ] TIME-OUT event timer id 19
[2019-06-07T14:44:19.070988] [spgwc] [pgwc_sx  ] [info ] PFCP HEARTBEAT PROCEDURE hash 1714894764 starting
[2019-06-07T14:44:19.071182] [spgwc] [pfcp     ] [trace] Sending HEARTBEAT_REQUEST, seq 3284008
[2019-06-07T14:44:19.071683] [spgwc] [pgwc_sx  ] [info ] handle_receive(16 bytes)
[2019-06-07T14:44:19.071742] [spgwc] [pgwc_sx  ] [trace] handle_receive_pfcp_msg msg type 2 length 12
[2019-06-07T14:44:19.074976] [spgwc] [pgwc_sx  ] [info ] handle_receive(16 bytes)
[2019-06-07T14:44:19.075022] [spgwc] [pgwc_sx  ] [trace] handle_receive_pfcp_msg msg type 1 length 12
[2019-06-07T14:44:19.075091] [spgwc] [pfcp     ] [trace] Sending HEARTBEAT_RESPONSE, seq 6823881
[2019-06-07T14:44:24.071472] [spgwc] [pgwc_sx  ] [info ] TIME-OUT event timer id 24
[2019-06-07T14:44:24.075588] [spgwc] [pgwc_sx  ] [info ] handle_receive(16 bytes)
[2019-06-07T14:44:24.075663] [spgwc] [pgwc_sx  ] [trace] handle_receive_pfcp_msg msg type 1 length 12
[2019-06-07T14:44:24.075754] [spgwc] [pfcp     ] [trace] Sending HEARTBEAT_RESPONSE, seq 6823882
[2019-06-07T14:44:29.071926] [spgwc] [pgwc_sx  ] [info ] TIME-OUT event timer id 25
[2019-06-07T14:44:29.073085] [spgwc] [pgwc_sx  ] [info ] PFCP HEARTBEAT PROCEDURE hash 1714894764 starting
[2019-06-07T14:44:29.073184] [spgwc] [pfcp     ] [trace] Sending HEARTBEAT_REQUEST, seq 3284009
[2019-06-07T14:44:29.073604] [spgwc] [pgwc_sx  ] [info ] handle_receive(16 bytes)
[2019-06-07T14:44:29.073663] [spgwc] [pgwc_sx  ] [trace] handle_receive_pfcp_msg msg type 2 length 12
[2019-06-07T14:44:29.076146] [spgwc] [pgwc_sx  ] [info ] handle_receive(16 bytes)
[2019-06-07T14:44:29.076195] [spgwc] [pgwc_sx  ] [trace] handle_receive_pfcp_msg msg type 1 length 12
[2019-06-07T14:44:29.076276] [spgwc] [pfcp     ] [trace] Sending HEARTBEAT_RESPONSE, seq 6823883
[2019-06-07T14:44:34.073385] [spgwc] [pgwc_sx  ] [info ] TIME-OUT event timer id 30
[2019-06-07T14:44:34.076703] [spgwc] [pgwc_sx  ] [info ] handle_receive(16 bytes)
[2019-06-07T14:44:34.076800] [spgwc] [pgwc_sx  ] [trace] handle_receive_pfcp_msg msg type 1 length 12
[2019-06-07T14:44:34.076891] [spgwc] [pfcp     ] [trace] Sending HEARTBEAT_RESPONSE, seq 6823884
[2019-06-07T14:44:39.073858] [spgwc] [pgwc_sx  ] [info ] TIME-OUT event timer id 31
[2019-06-07T14:44:39.073932] [spgwc] [pgwc_sx  ] [info ] PFCP HEARTBEAT PROCEDURE hash 1714894764 starting
[2019-06-07T14:44:39.074199] [spgwc] [pfcp     ] [trace] Sending HEARTBEAT_REQUEST, seq 3284010
[2019-06-07T14:44:39.075890] [spgwc] [pgwc_sx  ] [info ] handle_receive(16 bytes)
[2019-06-07T14:44:39.075955] [spgwc] [pgwc_sx  ] [trace] handle_receive_pfcp_msg msg type 2 length 12
[2019-06-07T14:44:39.077288] [spgwc] [pgwc_sx  ] [info ] handle_receive(16 bytes)
[2019-06-07T14:44:39.077339] [spgwc] [pgwc_sx  ] [trace] handle_receive_pfcp_msg msg type 1 length 12
[2019-06-07T14:44:39.077419] [spgwc] [pfcp     ] [trace] Sending HEARTBEAT_RESPONSE, seq 6823885
[2019-06-07T14:44:44.075563] [spgwc] [pgwc_sx  ] [info ] TIME-OUT event timer id 36
[2019-06-07T14:44:44.077896] [spgwc] [pgwc_sx  ] [info ] handle_receive(16 bytes)
[2019-06-07T14:44:44.077971] [spgwc] [pgwc_sx  ] [trace] handle_receive_pfcp_msg msg type 1 length 12
[2019-06-07T14:44:44.078063] [spgwc] [pfcp     ] [trace] Sending HEARTBEAT_RESPONSE, seq 6823886
[2019-06-07T14:44:49.076143] [spgwc] [pgwc_sx  ] [info ] TIME-OUT event timer id 37
[2019-06-07T14:44:49.076220] [spgwc] [pgwc_sx  ] [info ] PFCP HEARTBEAT PROCEDURE hash 1714894764 starting
[2019-06-07T14:44:49.076359] [spgwc] [pfcp     ] [trace] Sending HEARTBEAT_REQUEST, seq 3284011
[2019-06-07T14:44:49.076810] [spgwc] [pgwc_sx  ] [info ] handle_receive(16 bytes)
[2019-06-07T14:44:49.076872] [spgwc] [pgwc_sx  ] [trace] handle_receive_pfcp_msg msg type 2 length 12
[2019-06-07T14:44:49.078523] [spgwc] [pgwc_sx  ] [info ] handle_receive(16 bytes)
[2019-06-07T14:44:49.078584] [spgwc] [pgwc_sx  ] [trace] handle_receive_pfcp_msg msg type 1 length 12
[2019-06-07T14:44:49.080047] [spgwc] [pfcp     ] [trace] Sending HEARTBEAT_RESPONSE, seq 6823887
[2019-06-07T14:44:54.076592] [spgwc] [pgwc_sx  ] [info ] TIME-OUT event timer id 42
[2019-06-07T14:44:54.080509] [spgwc] [pgwc_sx  ] [info ] handle_receive(16 bytes)
[2019-06-07T14:44:54.080590] [spgwc] [pgwc_sx  ] [trace] handle_receive_pfcp_msg msg type 1 length 12
[2019-06-07T14:44:54.081452] [spgwc] [pfcp     ] [trace] Sending HEARTBEAT_RESPONSE, seq 6823888
[2019-06-07T14:44:59.077059] [spgwc] [pgwc_sx  ] [info ] TIME-OUT event timer id 43
[2019-06-07T14:44:59.077135] [spgwc] [pgwc_sx  ] [info ] PFCP HEARTBEAT PROCEDURE hash 1714894764 starting
[2019-06-07T14:44:59.077328] [spgwc] [pfcp     ] [trace] Sending HEARTBEAT_REQUEST, seq 3284012
[2019-06-07T14:44:59.077776] [spgwc] [pgwc_sx  ] [info ] handle_receive(16 bytes)
[2019-06-07T14:44:59.077885] [spgwc] [pgwc_sx  ] [trace] handle_receive_pfcp_msg msg type 2 length 12
[2019-06-07T14:44:59.081927] [spgwc] [pgwc_sx  ] [info ] handle_receive(16 bytes)
[2019-06-07T14:44:59.081974] [spgwc] [pgwc_sx  ] [trace] handle_receive_pfcp_msg msg type 1 length 12
[2019-06-07T14:44:59.082046] [spgwc] [pfcp     ] [trace] Sending HEARTBEAT_RESPONSE, seq 6823889
[2019-06-07T14:45:04.077586] [spgwc] [pgwc_sx  ] [info ] TIME-OUT event timer id 48
[2019-06-07T14:45:04.082484] [spgwc] [pgwc_sx  ] [info ] handle_receive(16 bytes)
[2019-06-07T14:45:04.082563] [spgwc] [pgwc_sx  ] [trace] handle_receive_pfcp_msg msg type 1 length 12
[2019-06-07T14:45:04.083517] [spgwc] [pfcp     ] [trace] Sending HEARTBEAT_RESPONSE, seq 6823890
[2019-06-07T14:45:09.078921] [spgwc] [pgwc_sx  ] [info ] TIME-OUT event timer id 49
[2019-06-07T14:45:09.079003] [spgwc] [pgwc_sx  ] [info ] PFCP HEARTBEAT PROCEDURE hash 1714894764 starting
[2019-06-07T14:45:09.079238] [spgwc] [pfcp     ] [trace] Sending HEARTBEAT_REQUEST, seq 3284013
[2019-06-07T14:45:09.079751] [spgwc] [pgwc_sx  ] [info ] handle_receive(16 bytes)
[2019-06-07T14:45:09.079807] [spgwc] [pgwc_sx  ] [trace] handle_receive_pfcp_msg msg type 2 length 12
[2019-06-07T14:45:09.083915] [spgwc] [pgwc_sx  ] [info ] handle_receive(16 bytes)
[2019-06-07T14:45:09.083997] [spgwc] [pgwc_sx  ] [trace] handle_receive_pfcp_msg msg type 1 length 12
[2019-06-07T14:45:09.084810] [spgwc] [pfcp     ] [trace] Sending HEARTBEAT_RESPONSE, seq 6823891
[2019-06-07T14:45:14.079528] [spgwc] [pgwc_sx  ] [info ] TIME-OUT event timer id 54
[2019-06-07T14:45:14.085286] [spgwc] [pgwc_sx  ] [info ] handle_receive(16 bytes)
[2019-06-07T14:45:14.085378] [spgwc] [pgwc_sx  ] [trace] handle_receive_pfcp_msg msg type 1 length 12
[2019-06-07T14:45:14.086319] [spgwc] [pfcp     ] [trace] Sending HEARTBEAT_RESPONSE, seq 6823892
[2019-06-07T14:45:19.079999] [spgwc] [pgwc_sx  ] [info ] TIME-OUT event timer id 55
[2019-06-07T14:45:19.080080] [spgwc] [pgwc_sx  ] [info ] PFCP HEARTBEAT PROCEDURE hash 1714894764 starting
[2019-06-07T14:45:19.080266] [spgwc] [pfcp     ] [trace] Sending HEARTBEAT_REQUEST, seq 3284014
[2019-06-07T14:45:19.080690] [spgwc] [pgwc_sx  ] [info ] handle_receive(16 bytes)
[2019-06-07T14:45:19.080745] [spgwc] [pgwc_sx  ] [trace] handle_receive_pfcp_msg msg type 2 length 12
[2019-06-07T14:45:19.086761] [spgwc] [pgwc_sx  ] [info ] handle_receive(16 bytes)
[2019-06-07T14:45:19.086805] [spgwc] [pgwc_sx  ] [trace] handle_receive_pfcp_msg msg type 1 length 12
[2019-06-07T14:45:19.086893] [spgwc] [pfcp     ] [trace] Sending HEARTBEAT_RESPONSE, seq 6823893
[2019-06-07T14:45:24.080510] [spgwc] [pgwc_sx  ] [info ] TIME-OUT event timer id 60
[2019-06-07T14:45:24.087364] [spgwc] [pgwc_sx  ] [info ] handle_receive(16 bytes)
[2019-06-07T14:45:24.087456] [spgwc] [pgwc_sx  ] [trace] handle_receive_pfcp_msg msg type 1 length 12
[2019-06-07T14:45:24.087593] [spgwc] [pfcp     ] [trace] Sending HEARTBEAT_RESPONSE, seq 6823894
[2019-06-07T14:45:29.080951] [spgwc] [pgwc_sx  ] [info ] TIME-OUT event timer id 61
[2019-06-07T14:45:29.082642] [spgwc] [pgwc_sx  ] [info ] PFCP HEARTBEAT PROCEDURE hash 1714894764 starting
[2019-06-07T14:45:29.082799] [spgwc] [pfcp     ] [trace] Sending HEARTBEAT_REQUEST, seq 3284015
[2019-06-07T14:45:29.083247] [spgwc] [pgwc_sx  ] [info ] handle_receive(16 bytes)
[2019-06-07T14:45:29.083305] [spgwc] [pgwc_sx  ] [trace] handle_receive_pfcp_msg msg type 2 length 12
[2019-06-07T14:45:29.088002] [spgwc] [pgwc_sx  ] [info ] handle_receive(16 bytes)
[2019-06-07T14:45:29.088047] [spgwc] [pgwc_sx  ] [trace] handle_receive_pfcp_msg msg type 1 length 12
[2019-06-07T14:45:29.088142] [spgwc] [pfcp     ] [trace] Sending HEARTBEAT_RESPONSE, seq 6823895
[2019-06-07T14:45:34.083044] [spgwc] [pgwc_sx  ] [info ] TIME-OUT event timer id 66
[2019-06-07T14:45:34.088599] [spgwc] [pgwc_sx  ] [info ] handle_receive(16 bytes)
[2019-06-07T14:45:34.088679] [spgwc] [pgwc_sx  ] [trace] handle_receive_pfcp_msg msg type 1 length 12
[2019-06-07T14:45:34.088779] [spgwc] [pfcp     ] [trace] Sending HEARTBEAT_RESPONSE, seq 6823896
[2019-06-07T14:45:39.083480] [spgwc] [pgwc_sx  ] [info ] TIME-OUT event timer id 67
[2019-06-07T14:45:39.084693] [spgwc] [pgwc_sx  ] [info ] PFCP HEARTBEAT PROCEDURE hash 1714894764 starting
[2019-06-07T14:45:39.084835] [spgwc] [pfcp     ] [trace] Sending HEARTBEAT_REQUEST, seq 3284016
[2019-06-07T14:45:39.085311] [spgwc] [pgwc_sx  ] [info ] handle_receive(16 bytes)
[2019-06-07T14:45:39.085395] [spgwc] [pgwc_sx  ] [trace] handle_receive_pfcp_msg msg type 2 length 12
[2019-06-07T14:45:39.089169] [spgwc] [pgwc_sx  ] [info ] handle_receive(16 bytes)
[2019-06-07T14:45:39.089222] [spgwc] [pgwc_sx  ] [trace] handle_receive_pfcp_msg msg type 1 length 12
[2019-06-07T14:45:39.089299] [spgwc] [pfcp     ] [trace] Sending HEARTBEAT_RESPONSE, seq 6823897
[2019-06-07T14:45:44.085077] [spgwc] [pgwc_sx  ] [info ] TIME-OUT event timer id 72
[2019-06-07T14:45:44.089716] [spgwc] [pgwc_sx  ] [info ] handle_receive(16 bytes)
[2019-06-07T14:45:44.089790] [spgwc] [pgwc_sx  ] [trace] handle_receive_pfcp_msg msg type 1 length 12
[2019-06-07T14:45:44.089923] [spgwc] [pfcp     ] [trace] Sending HEARTBEAT_RESPONSE, seq 6823898
[2019-06-07T14:45:49.085601] [spgwc] [pgwc_sx  ] [info ] TIME-OUT event timer id 73
[2019-06-07T14:45:49.087060] [spgwc] [pgwc_sx  ] [info ] PFCP HEARTBEAT PROCEDURE hash 1714894764 starting
[2019-06-07T14:45:49.087358] [spgwc] [pfcp     ] [trace] Sending HEARTBEAT_REQUEST, seq 3284017
[2019-06-07T14:45:49.087904] [spgwc] [pgwc_sx  ] [info ] handle_receive(16 bytes)
[2019-06-07T14:45:49.087971] [spgwc] [pgwc_sx  ] [trace] handle_receive_pfcp_msg msg type 2 length 12
[2019-06-07T14:45:49.090378] [spgwc] [pgwc_sx  ] [info ] handle_receive(16 bytes)
[2019-06-07T14:45:49.090426] [spgwc] [pgwc_sx  ] [trace] handle_receive_pfcp_msg msg type 1 length 12
[2019-06-07T14:45:49.090512] [spgwc] [pfcp     ] [trace] Sending HEARTBEAT_RESPONSE, seq 6823899
[2019-06-07T14:45:54.087721] [spgwc] [pgwc_sx  ] [info ] TIME-OUT event timer id 78
[2019-06-07T14:45:54.090984] [spgwc] [pgwc_sx  ] [info ] handle_receive(16 bytes)
[2019-06-07T14:45:54.091060] [spgwc] [pgwc_sx  ] [trace] handle_receive_pfcp_msg msg type 1 length 12
[2019-06-07T14:45:54.091149] [spgwc] [pfcp     ] [trace] Sending HEARTBEAT_RESPONSE, seq 6823900
[2019-06-07T14:45:59.088145] [spgwc] [pgwc_sx  ] [info ] TIME-OUT event timer id 79
[2019-06-07T14:45:59.089119] [spgwc] [pgwc_sx  ] [info ] PFCP HEARTBEAT PROCEDURE hash 1714894764 starting
[2019-06-07T14:45:59.089403] [spgwc] [pfcp     ] [trace] Sending HEARTBEAT_REQUEST, seq 3284018
[2019-06-07T14:45:59.089975] [spgwc] [pgwc_sx  ] [info ] handle_receive(16 bytes)
[2019-06-07T14:45:59.090040] [spgwc] [pgwc_sx  ] [trace] handle_receive_pfcp_msg msg type 2 length 12
[2019-06-07T14:45:59.091540] [spgwc] [pgwc_sx  ] [info ] handle_receive(16 bytes)
[2019-06-07T14:45:59.091592] [spgwc] [pgwc_sx  ] [trace] handle_receive_pfcp_msg msg type 1 length 12
[2019-06-07T14:45:59.091667] [spgwc] [pfcp     ] [trace] Sending HEARTBEAT_RESPONSE, seq 6823901
[2019-06-07T14:46:04.089741] [spgwc] [pgwc_sx  ] [info ] TIME-OUT event timer id 84
[2019-06-07T14:46:04.092086] [spgwc] [pgwc_sx  ] [info ] handle_receive(16 bytes)
[2019-06-07T14:46:04.092165] [spgwc] [pgwc_sx  ] [trace] handle_receive_pfcp_msg msg type 1 length 12
[2019-06-07T14:46:04.092262] [spgwc] [pfcp     ] [trace] Sending HEARTBEAT_RESPONSE, seq 6823902
[2019-06-07T14:46:09.090229] [spgwc] [pgwc_sx  ] [info ] TIME-OUT event timer id 85
[2019-06-07T14:46:09.090310] [spgwc] [pgwc_sx  ] [info ] PFCP HEARTBEAT PROCEDURE hash 1714894764 starting
[2019-06-07T14:46:09.090655] [spgwc] [pfcp     ] [trace] Sending HEARTBEAT_REQUEST, seq 3284019
[2019-06-07T14:46:09.092292] [spgwc] [pgwc_sx  ] [info ] handle_receive(16 bytes)
[2019-06-07T14:46:09.092349] [spgwc] [pgwc_sx  ] [trace] handle_receive_pfcp_msg msg type 2 length 12
[2019-06-07T14:46:09.092628] [spgwc] [pgwc_sx  ] [info ] handle_receive(16 bytes)
[2019-06-07T14:46:09.092672] [spgwc] [pgwc_sx  ] [trace] handle_receive_pfcp_msg msg type 1 length 12
[2019-06-07T14:46:09.092743] [spgwc] [pfcp     ] [trace] Sending HEARTBEAT_RESPONSE, seq 6823903
[2019-06-07T14:46:14.092026] [spgwc] [pgwc_sx  ] [info ] TIME-OUT event timer id 90
[2019-06-07T14:46:14.093169] [spgwc] [pgwc_sx  ] [info ] handle_receive(16 bytes)
[2019-06-07T14:46:14.093669] [spgwc] [pgwc_sx  ] [trace] handle_receive_pfcp_msg msg type 1 length 12
[2019-06-07T14:46:14.093791] [spgwc] [pfcp     ] [trace] Sending HEARTBEAT_RESPONSE, seq 6823904
[2019-06-07T14:46:19.092530] [spgwc] [pgwc_sx  ] [info ] TIME-OUT event timer id 91
[2019-06-07T14:46:19.092610] [spgwc] [pgwc_sx  ] [info ] PFCP HEARTBEAT PROCEDURE hash 1714894764 starting
[2019-06-07T14:46:19.092954] [spgwc] [pfcp     ] [trace] Sending HEARTBEAT_REQUEST, seq 3284020
[2019-06-07T14:46:19.094167] [spgwc] [pgwc_sx  ] [info ] handle_receive(16 bytes)
[2019-06-07T14:46:19.094232] [spgwc] [pgwc_sx  ] [trace] handle_receive_pfcp_msg msg type 2 length 12
[2019-06-07T14:46:19.094510] [spgwc] [pgwc_sx  ] [info ] handle_receive(16 bytes)
[2019-06-07T14:46:19.094551] [spgwc] [pgwc_sx  ] [trace] handle_receive_pfcp_msg msg type 1 length 12
[2019-06-07T14:46:19.094622] [spgwc] [pfcp     ] [trace] Sending HEARTBEAT_RESPONSE, seq 6823905
[2019-06-07T14:46:24.094050] [spgwc] [pgwc_sx  ] [info ] TIME-OUT event timer id 96
[2019-06-07T14:46:24.095065] [spgwc] [pgwc_sx  ] [info ] handle_receive(16 bytes)
[2019-06-07T14:46:24.095157] [spgwc] [pgwc_sx  ] [trace] handle_receive_pfcp_msg msg type 1 length 12
[2019-06-07T14:46:24.095253] [spgwc] [pfcp     ] [trace] Sending HEARTBEAT_RESPONSE, seq 6823906
[2019-06-07T14:46:29.094441] [spgwc] [pgwc_sx  ] [info ] TIME-OUT event timer id 97
[2019-06-07T14:46:29.094539] [spgwc] [pgwc_sx  ] [info ] PFCP HEARTBEAT PROCEDURE hash 1714894764 starting
[2019-06-07T14:46:29.094760] [spgwc] [pfcp     ] [trace] Sending HEARTBEAT_REQUEST, seq 3284021
[2019-06-07T14:46:29.095315] [spgwc] [pgwc_sx  ] [info ] handle_receive(16 bytes)
[2019-06-07T14:46:29.095372] [spgwc] [pgwc_sx  ] [trace] handle_receive_pfcp_msg msg type 2 length 12
[2019-06-07T14:46:29.095678] [spgwc] [pgwc_sx  ] [info ] handle_receive(16 bytes)
[2019-06-07T14:46:29.095718] [spgwc] [pgwc_sx  ] [trace] handle_receive_pfcp_msg msg type 1 length 12
[2019-06-07T14:46:29.095787] [spgwc] [pfcp     ] [trace] Sending HEARTBEAT_RESPONSE, seq 6823907
[2019-06-07T14:46:34.095129] [spgwc] [pgwc_sx  ] [info ] TIME-OUT event timer id 102
[2019-06-07T14:46:34.096227] [spgwc] [pgwc_sx  ] [info ] handle_receive(16 bytes)
[2019-06-07T14:46:34.096297] [spgwc] [pgwc_sx  ] [trace] handle_receive_pfcp_msg msg type 1 length 12
[2019-06-07T14:46:34.096391] [spgwc] [pfcp     ] [trace] Sending HEARTBEAT_RESPONSE, seq 6823908
[2019-06-07T14:46:39.095573] [spgwc] [pgwc_sx  ] [info ] TIME-OUT event timer id 103
[2019-06-07T14:46:39.095684] [spgwc] [pgwc_sx  ] [info ] PFCP HEARTBEAT PROCEDURE hash 1714894764 starting
[2019-06-07T14:46:39.096561] [spgwc] [pfcp     ] [trace] Sending HEARTBEAT_REQUEST, seq 3284022
[2019-06-07T14:46:39.096906] [spgwc] [pgwc_sx  ] [info ] handle_receive(16 bytes)
[2019-06-07T14:46:39.096971] [spgwc] [pgwc_sx  ] [trace] handle_receive_pfcp_msg msg type 2 length 12
[2019-06-07T14:46:39.097107] [spgwc] [pgwc_sx  ] [info ] handle_receive(16 bytes)
[2019-06-07T14:46:39.097152] [spgwc] [pgwc_sx  ] [trace] handle_receive_pfcp_msg msg type 1 length 12
[2019-06-07T14:46:39.097224] [spgwc] [pfcp     ] [trace] Sending HEARTBEAT_RESPONSE, seq 6823909
[2019-06-07T14:46:44.096834] [spgwc] [pgwc_sx  ] [info ] TIME-OUT event timer id 108
[2019-06-07T14:46:44.097720] [spgwc] [pgwc_sx  ] [info ] handle_receive(16 bytes)
[2019-06-07T14:46:44.097924] [spgwc] [pgwc_sx  ] [trace] handle_receive_pfcp_msg msg type 1 length 12
[2019-06-07T14:46:44.098084] [spgwc] [pfcp     ] [trace] Sending HEARTBEAT_RESPONSE, seq 6823910
[2019-06-07T14:46:49.097156] [spgwc] [pgwc_sx  ] [info ] TIME-OUT event timer id 109
[2019-06-07T14:46:49.097243] [spgwc] [pgwc_sx  ] [info ] PFCP HEARTBEAT PROCEDURE hash 1714894764 starting
[2019-06-07T14:46:49.098299] [spgwc] [pfcp     ] [trace] Sending HEARTBEAT_REQUEST, seq 3284023
[2019-06-07T14:46:49.098634] [spgwc] [pgwc_sx  ] [info ] handle_receive(16 bytes)
[2019-06-07T14:46:49.098700] [spgwc] [pgwc_sx  ] [trace] handle_receive_pfcp_msg msg type 2 length 12
[2019-06-07T14:46:49.098867] [spgwc] [pgwc_sx  ] [info ] handle_receive(16 bytes)
[2019-06-07T14:46:49.098916] [spgwc] [pgwc_sx  ] [trace] handle_receive_pfcp_msg msg type 1 length 12
[2019-06-07T14:46:49.099002] [spgwc] [pfcp     ] [trace] Sending HEARTBEAT_RESPONSE, seq 6823911
[2019-06-07T14:46:54.098531] [spgwc] [pgwc_sx  ] [info ] TIME-OUT event timer id 114
[2019-06-07T14:46:54.099579] [spgwc] [pgwc_sx  ] [info ] handle_receive(16 bytes)
[2019-06-07T14:46:54.099675] [spgwc] [pgwc_sx  ] [trace] handle_receive_pfcp_msg msg type 1 length 12
[2019-06-07T14:46:54.099791] [spgwc] [pfcp     ] [trace] Sending HEARTBEAT_RESPONSE, seq 6823912
[2019-06-07T14:46:59.098881] [spgwc] [pgwc_sx  ] [info ] TIME-OUT event timer id 115
[2019-06-07T14:46:59.098978] [spgwc] [pgwc_sx  ] [info ] PFCP HEARTBEAT PROCEDURE hash 1714894764 starting
[2019-06-07T14:46:59.100130] [spgwc] [pfcp     ] [trace] Sending HEARTBEAT_REQUEST, seq 3284024
[2019-06-07T14:46:59.100282] [spgwc] [pgwc_sx  ] [info ] handle_receive(16 bytes)
[2019-06-07T14:46:59.100588] [spgwc] [pgwc_sx  ] [trace] handle_receive_pfcp_msg msg type 1 length 12
[2019-06-07T14:46:59.100681] [spgwc] [pfcp     ] [trace] Sending HEARTBEAT_RESPONSE, seq 6823913
[2019-06-07T14:46:59.100880] [spgwc] [pgwc_sx  ] [info ] handle_receive(16 bytes)
[2019-06-07T14:46:59.100923] [spgwc] [pgwc_sx  ] [trace] handle_receive_pfcp_msg msg type 2 length 12
[2019-06-07T14:47:04.100413] [spgwc] [pgwc_sx  ] [info ] TIME-OUT event timer id 120
[2019-06-07T14:47:04.101142] [spgwc] [pgwc_sx  ] [info ] handle_receive(16 bytes)
[2019-06-07T14:47:04.101455] [spgwc] [pgwc_sx  ] [trace] handle_receive_pfcp_msg msg type 1 length 12
[2019-06-07T14:47:04.101566] [spgwc] [pfcp     ] [trace] Sending HEARTBEAT_RESPONSE, seq 6823914
[2019-06-07T14:47:09.101151] [spgwc] [pgwc_sx  ] [info ] TIME-OUT event timer id 122
[2019-06-07T14:47:09.101263] [spgwc] [pgwc_sx  ] [info ] PFCP HEARTBEAT PROCEDURE hash 1714894764 starting
[2019-06-07T14:47:09.102043] [spgwc] [pgwc_sx  ] [info ] handle_receive(16 bytes)
[2019-06-07T14:47:09.102284] [spgwc] [pgwc_sx  ] [trace] handle_receive_pfcp_msg msg type 1 length 12
[2019-06-07T14:47:09.102333] [spgwc] [pfcp     ] [trace] Sending HEARTBEAT_REQUEST, seq 3284025
[2019-06-07T14:47:09.102396] [spgwc] [pfcp     ] [trace] Sending HEARTBEAT_RESPONSE, seq 6823915
[2019-06-07T14:47:09.102713] [spgwc] [pgwc_sx  ] [info ] handle_receive(16 bytes)
[2019-06-07T14:47:09.102766] [spgwc] [pgwc_sx  ] [trace] handle_receive_pfcp_msg msg type 2 length 12
[2019-06-07T14:47:14.102549] [spgwc] [pgwc_sx  ] [info ] TIME-OUT event timer id 127
[2019-06-07T14:47:14.102912] [spgwc] [pgwc_sx  ] [info ] handle_receive(16 bytes)
[2019-06-07T14:47:14.103653] [spgwc] [pgwc_sx  ] [trace] handle_receive_pfcp_msg msg type 1 length 12
[2019-06-07T14:47:14.103761] [spgwc] [pfcp     ] [trace] Sending HEARTBEAT_RESPONSE, seq 6823916
[2019-06-07T14:47:19.102946] [spgwc] [pgwc_sx  ] [info ] TIME-OUT event timer id 128
[2019-06-07T14:47:19.103133] [spgwc] [pgwc_sx  ] [info ] PFCP HEARTBEAT PROCEDURE hash 1714894764 starting
[2019-06-07T14:47:19.104113] [spgwc] [pfcp     ] [trace] Sending HEARTBEAT_REQUEST, seq 3284026
[2019-06-07T14:47:19.104222] [spgwc] [pgwc_sx  ] [info ] handle_receive(16 bytes)
[2019-06-07T14:47:19.104281] [spgwc] [pgwc_sx  ] [trace] handle_receive_pfcp_msg msg type 1 length 12
[2019-06-07T14:47:19.104353] [spgwc] [pfcp     ] [trace] Sending HEARTBEAT_RESPONSE, seq 6823917
[2019-06-07T14:47:19.104716] [spgwc] [pgwc_sx  ] [info ] handle_receive(16 bytes)
[2019-06-07T14:47:19.104756] [spgwc] [pgwc_sx  ] [trace] handle_receive_pfcp_msg msg type 2 length 12
[2019-06-07T14:47:24.104397] [spgwc] [pgwc_sx  ] [info ] TIME-OUT event timer id 132
[2019-06-07T14:47:24.104974] [spgwc] [pgwc_sx  ] [info ] handle_receive(16 bytes)
[2019-06-07T14:47:24.105455] [spgwc] [pgwc_sx  ] [trace] handle_receive_pfcp_msg msg type 1 length 12
[2019-06-07T14:47:24.105579] [spgwc] [pfcp     ] [trace] Sending HEARTBEAT_RESPONSE, seq 6823918
[2019-06-07T14:47:29.104925] [spgwc] [pgwc_sx  ] [info ] TIME-OUT event timer id 134
[2019-06-07T14:47:29.105106] [spgwc] [pgwc_sx  ] [info ] PFCP HEARTBEAT PROCEDURE hash 1714894764 starting
[2019-06-07T14:47:29.105892] [spgwc] [pfcp     ] [trace] Sending HEARTBEAT_REQUEST, seq 3284027
[2019-06-07T14:47:29.106026] [spgwc] [pgwc_sx  ] [info ] handle_receive(16 bytes)
[2019-06-07T14:47:29.106250] [spgwc] [pgwc_sx  ] [trace] handle_receive_pfcp_msg msg type 1 length 12
[2019-06-07T14:47:29.106331] [spgwc] [pfcp     ] [trace] Sending HEARTBEAT_RESPONSE, seq 6823919
[2019-06-07T14:47:29.106493] [spgwc] [pgwc_sx  ] [info ] handle_receive(16 bytes)
[2019-06-07T14:47:29.106530] [spgwc] [pgwc_sx  ] [trace] handle_receive_pfcp_msg msg type 2 length 12
[2019-06-07T14:47:34.106137] [spgwc] [pgwc_sx  ] [info ] TIME-OUT event timer id 138
[2019-06-07T14:47:34.106750] [spgwc] [pgwc_sx  ] [info ] handle_receive(16 bytes)
[2019-06-07T14:47:34.107600] [spgwc] [pgwc_sx  ] [trace] handle_receive_pfcp_msg msg type 1 length 12
[2019-06-07T14:47:34.107707] [spgwc] [pfcp     ] [trace] Sending HEARTBEAT_RESPONSE, seq 6823920
[2019-06-07T14:47:39.106702] [spgwc] [pgwc_sx  ] [info ] TIME-OUT event timer id 140
[2019-06-07T14:47:39.106907] [spgwc] [pgwc_sx  ] [info ] PFCP HEARTBEAT PROCEDURE hash 1714894764 starting
[2019-06-07T14:47:39.107657] [spgwc] [pfcp     ] [trace] Sending HEARTBEAT_REQUEST, seq 3284028
[2019-06-07T14:47:39.108147] [spgwc] [pgwc_sx  ] [info ] handle_receive(16 bytes)
[2019-06-07T14:47:39.108206] [spgwc] [pgwc_sx  ] [trace] handle_receive_pfcp_msg msg type 2 length 12
[2019-06-07T14:47:39.108427] [spgwc] [pgwc_sx  ] [info ] handle_receive(16 bytes)
[2019-06-07T14:47:39.108468] [spgwc] [pgwc_sx  ] [trace] handle_receive_pfcp_msg msg type 1 length 12
[2019-06-07T14:47:39.108537] [spgwc] [pfcp     ] [trace] Sending HEARTBEAT_RESPONSE, seq 6823921
[2019-06-07T14:47:44.107976] [spgwc] [pgwc_sx  ] [info ] TIME-OUT event timer id 144
[2019-06-07T14:47:44.108981] [spgwc] [pgwc_sx  ] [info ] handle_receive(16 bytes)
[2019-06-07T14:47:44.109166] [spgwc] [pgwc_sx  ] [trace] handle_receive_pfcp_msg msg type 1 length 12
[2019-06-07T14:47:44.109267] [spgwc] [pfcp     ] [trace] Sending HEARTBEAT_RESPONSE, seq 6823922
[2019-06-07T14:47:49.108389] [spgwc] [pgwc_sx  ] [info ] TIME-OUT event timer id 145
[2019-06-07T14:47:49.108648] [spgwc] [pgwc_sx  ] [info ] PFCP HEARTBEAT PROCEDURE hash 1714894764 starting
[2019-06-07T14:47:49.109602] [spgwc] [pfcp     ] [trace] Sending HEARTBEAT_REQUEST, seq 3284029
[2019-06-07T14:47:49.109716] [spgwc] [pgwc_sx  ] [info ] handle_receive(16 bytes)
[2019-06-07T14:47:49.109958] [spgwc] [pgwc_sx  ] [trace] handle_receive_pfcp_msg msg type 1 length 12
[2019-06-07T14:47:49.110042] [spgwc] [pfcp     ] [trace] Sending HEARTBEAT_RESPONSE, seq 6823923
[2019-06-07T14:47:49.110205] [spgwc] [pgwc_sx  ] [info ] handle_receive(16 bytes)
[2019-06-07T14:47:49.110240] [spgwc] [pgwc_sx  ] [trace] handle_receive_pfcp_msg msg type 2 length 12
[2019-06-07T14:47:54.109869] [spgwc] [pgwc_sx  ] [info ] TIME-OUT event timer id 150
[2019-06-07T14:47:54.110487] [spgwc] [pgwc_sx  ] [info ] handle_receive(16 bytes)
[2019-06-07T14:47:54.111052] [spgwc] [pgwc_sx  ] [trace] handle_receive_pfcp_msg msg type 1 length 12
[2019-06-07T14:47:54.111174] [spgwc] [pfcp     ] [trace] Sending HEARTBEAT_RESPONSE, seq 6823924
[2019-06-07T14:47:59.110418] [spgwc] [pgwc_sx  ] [info ] TIME-OUT event timer id 152
[2019-06-07T14:47:59.110673] [spgwc] [pgwc_sx  ] [info ] PFCP HEARTBEAT PROCEDURE hash 1714894764 starting
[2019-06-07T14:47:59.111647] [spgwc] [pfcp     ] [trace] Sending HEARTBEAT_REQUEST, seq 3284030
[2019-06-07T14:47:59.111678] [spgwc] [pgwc_sx  ] [info ] handle_receive(16 bytes)
[2019-06-07T14:47:59.111772] [spgwc] [pgwc_sx  ] [trace] handle_receive_pfcp_msg msg type 1 length 12
[2019-06-07T14:47:59.112134] [spgwc] [pfcp     ] [trace] Sending HEARTBEAT_RESPONSE, seq 6823925
[2019-06-07T14:47:59.112348] [spgwc] [pgwc_sx  ] [info ] handle_receive(16 bytes)
[2019-06-07T14:47:59.112398] [spgwc] [pgwc_sx  ] [trace] handle_receive_pfcp_msg msg type 2 length 12
[2019-06-07T14:48:04.111907] [spgwc] [pgwc_sx  ] [info ] TIME-OUT event timer id 156
[2019-06-07T14:48:04.112632] [spgwc] [pgwc_sx  ] [info ] handle_receive(16 bytes)
[2019-06-07T14:48:04.112710] [spgwc] [pgwc_sx  ] [trace] handle_receive_pfcp_msg msg type 1 length 12
[2019-06-07T14:48:04.112809] [spgwc] [pfcp     ] [trace] Sending HEARTBEAT_RESPONSE, seq 6823926
[2019-06-07T14:48:09.112592] [spgwc] [pgwc_sx  ] [info ] TIME-OUT event timer id 158
[2019-06-07T14:48:09.112895] [spgwc] [pgwc_sx  ] [info ] PFCP HEARTBEAT PROCEDURE hash 1714894764 starting
[2019-06-07T14:48:09.113256] [spgwc] [pgwc_sx  ] [info ] handle_receive(16 bytes)
[2019-06-07T14:48:09.113315] [spgwc] [pgwc_sx  ] [trace] handle_receive_pfcp_msg msg type 1 length 12
[2019-06-07T14:48:09.113401] [spgwc] [pfcp     ] [trace] Sending HEARTBEAT_RESPONSE, seq 6823927
[2019-06-07T14:48:09.113262] [spgwc] [pfcp     ] [trace] Sending HEARTBEAT_REQUEST, seq 3284031
[2019-06-07T14:48:09.113929] [spgwc] [pgwc_sx  ] [info ] handle_receive(16 bytes)
[2019-06-07T14:48:09.113981] [spgwc] [pgwc_sx  ] [trace] handle_receive_pfcp_msg msg type 2 length 12
[2019-06-07T14:48:14.113799] [spgwc] [pgwc_sx  ] [info ] TIME-OUT event timer id 163
[2019-06-07T14:48:14.113904] [spgwc] [pgwc_sx  ] [info ] handle_receive(16 bytes)
[2019-06-07T14:48:14.115199] [spgwc] [pgwc_sx  ] [trace] handle_receive_pfcp_msg msg type 1 length 12
[2019-06-07T14:48:14.115319] [spgwc] [pfcp     ] [trace] Sending HEARTBEAT_RESPONSE, seq 6823928
[2019-06-07T14:48:19.114162] [spgwc] [pgwc_sx  ] [info ] TIME-OUT event timer id 164
[2019-06-07T14:48:19.114314] [spgwc] [pgwc_sx  ] [info ] PFCP HEARTBEAT PROCEDURE hash 1714894764 starting
[2019-06-07T14:48:19.115423] [spgwc] [pfcp     ] [trace] Sending HEARTBEAT_REQUEST, seq 3284032
[2019-06-07T14:48:19.115899] [spgwc] [pgwc_sx  ] [info ] handle_receive(16 bytes)
[2019-06-07T14:48:19.115962] [spgwc] [pgwc_sx  ] [trace] handle_receive_pfcp_msg msg type 2 length 12
[2019-06-07T14:48:19.116190] [spgwc] [pgwc_sx  ] [info ] handle_receive(16 bytes)
[2019-06-07T14:48:19.116237] [spgwc] [pgwc_sx  ] [trace] handle_receive_pfcp_msg msg type 1 length 12
[2019-06-07T14:48:19.116337] [spgwc] [pfcp     ] [trace] Sending HEARTBEAT_RESPONSE, seq 6823929
[2019-06-07T14:48:24.115744] [spgwc] [pgwc_sx  ] [info ] TIME-OUT event timer id 168
[2019-06-07T14:48:24.116808] [spgwc] [pgwc_sx  ] [info ] handle_receive(16 bytes)
[2019-06-07T14:48:24.117046] [spgwc] [pgwc_sx  ] [trace] handle_receive_pfcp_msg msg type 1 length 12
[2019-06-07T14:48:24.117149] [spgwc] [pfcp     ] [trace] Sending HEARTBEAT_RESPONSE, seq 6823930
[2019-06-07T14:48:29.116152] [spgwc] [pgwc_sx  ] [info ] TIME-OUT event timer id 169
[2019-06-07T14:48:29.116304] [spgwc] [pgwc_sx  ] [info ] PFCP HEARTBEAT PROCEDURE hash 1714894764 starting
[2019-06-07T14:48:29.117069] [spgwc] [pfcp     ] [trace] Sending HEARTBEAT_REQUEST, seq 3284033
[2019-06-07T14:48:29.117549] [spgwc] [pgwc_sx  ] [info ] handle_receive(16 bytes)
[2019-06-07T14:48:29.117606] [spgwc] [pgwc_sx  ] [trace] handle_receive_pfcp_msg msg type 2 length 12
[2019-06-07T14:48:29.117871] [spgwc] [pgwc_sx  ] [info ] handle_receive(16 bytes)
[2019-06-07T14:48:29.117912] [spgwc] [pgwc_sx  ] [trace] handle_receive_pfcp_msg msg type 1 length 12
[2019-06-07T14:48:29.117986] [spgwc] [pfcp     ] [trace] Sending HEARTBEAT_RESPONSE, seq 6823931
[2019-06-07T14:48:34.117358] [spgwc] [pgwc_sx  ] [info ] TIME-OUT event timer id 174
[2019-06-07T14:48:34.118544] [spgwc] [pgwc_sx  ] [info ] handle_receive(16 bytes)
[2019-06-07T14:48:34.118619] [spgwc] [pgwc_sx  ] [trace] handle_receive_pfcp_msg msg type 1 length 12
[2019-06-07T14:48:34.118713] [spgwc] [pfcp     ] [trace] Sending HEARTBEAT_RESPONSE, seq 6823932
[2019-06-07T14:48:39.117785] [spgwc] [pgwc_sx  ] [info ] TIME-OUT event timer id 175
[2019-06-07T14:48:39.118003] [spgwc] [pgwc_sx  ] [info ] PFCP HEARTBEAT PROCEDURE hash 1714894764 starting
[2019-06-07T14:48:39.118861] [spgwc] [pfcp     ] [trace] Sending HEARTBEAT_REQUEST, seq 3284034
[2019-06-07T14:48:39.119211] [spgwc] [pgwc_sx  ] [info ] handle_receive(16 bytes)
[2019-06-07T14:48:39.119267] [spgwc] [pgwc_sx  ] [trace] handle_receive_pfcp_msg msg type 2 length 12
[2019-06-07T14:48:39.119440] [spgwc] [pgwc_sx  ] [info ] handle_receive(16 bytes)
[2019-06-07T14:48:39.119478] [spgwc] [pgwc_sx  ] [trace] handle_receive_pfcp_msg msg type 1 length 12
[2019-06-07T14:48:39.119547] [spgwc] [pfcp     ] [trace] Sending HEARTBEAT_RESPONSE, seq 6823933
[2019-06-07T14:48:44.119095] [spgwc] [pgwc_sx  ] [info ] TIME-OUT event timer id 180
[2019-06-07T14:48:44.119977] [spgwc] [pgwc_sx  ] [info ] handle_receive(16 bytes)
[2019-06-07T14:48:44.120135] [spgwc] [pgwc_sx  ] [trace] handle_receive_pfcp_msg msg type 1 length 12
[2019-06-07T14:48:44.120243] [spgwc] [pfcp     ] [trace] Sending HEARTBEAT_RESPONSE, seq 6823934
[2019-06-07T14:48:49.119446] [spgwc] [pgwc_sx  ] [info ] TIME-OUT event timer id 181
[2019-06-07T14:48:49.119639] [spgwc] [pgwc_sx  ] [info ] PFCP HEARTBEAT PROCEDURE hash 1714894764 starting
[2019-06-07T14:48:49.120574] [spgwc] [pfcp     ] [trace] Sending HEARTBEAT_REQUEST, seq 3284035
[2019-06-07T14:48:49.120695] [spgwc] [pgwc_sx  ] [info ] handle_receive(16 bytes)
[2019-06-07T14:48:49.120924] [spgwc] [pgwc_sx  ] [trace] handle_receive_pfcp_msg msg type 1 length 12
[2019-06-07T14:48:49.121007] [spgwc] [pfcp     ] [trace] Sending HEARTBEAT_RESPONSE, seq 6823935
[2019-06-07T14:48:49.121189] [spgwc] [pgwc_sx  ] [info ] handle_receive(16 bytes)
[2019-06-07T14:48:49.121226] [spgwc] [pgwc_sx  ] [trace] handle_receive_pfcp_msg msg type 2 length 12
[2019-06-07T14:48:54.120800] [spgwc] [pgwc_sx  ] [info ] TIME-OUT event timer id 186
[2019-06-07T14:48:54.121498] [spgwc] [pgwc_sx  ] [info ] handle_receive(16 bytes)
[2019-06-07T14:48:54.121779] [spgwc] [pgwc_sx  ] [trace] handle_receive_pfcp_msg msg type 1 length 12
[2019-06-07T14:48:54.121922] [spgwc] [pfcp     ] [trace] Sending HEARTBEAT_RESPONSE, seq 6823936
[2019-06-07T14:48:59.121391] [spgwc] [pgwc_sx  ] [info ] TIME-OUT event timer id 188
[2019-06-07T14:48:59.121573] [spgwc] [pgwc_sx  ] [info ] PFCP HEARTBEAT PROCEDURE hash 1714894764 starting
[2019-06-07T14:48:59.122356] [spgwc] [pgwc_sx  ] [info ] handle_receive(16 bytes)
[2019-06-07T14:48:59.122363] [spgwc] [pfcp     ] [trace] Sending HEARTBEAT_REQUEST, seq 3284036
[2019-06-07T14:48:59.122427] [spgwc] [pgwc_sx  ] [trace] handle_receive_pfcp_msg msg type 1 length 12
[2019-06-07T14:48:59.122502] [spgwc] [pfcp     ] [trace] Sending HEARTBEAT_RESPONSE, seq 6823937
[2019-06-07T14:48:59.122800] [spgwc] [pgwc_sx  ] [info ] handle_receive(16 bytes)
[2019-06-07T14:48:59.122836] [spgwc] [pgwc_sx  ] [trace] handle_receive_pfcp_msg msg type 2 length 12
[2019-06-07T14:49:04.122582] [spgwc] [pgwc_sx  ] [info ] TIME-OUT event timer id 192
[2019-06-07T14:49:04.123152] [spgwc] [pgwc_sx  ] [info ] handle_receive(16 bytes)
[2019-06-07T14:49:04.123408] [spgwc] [pgwc_sx  ] [trace] handle_receive_pfcp_msg msg type 1 length 12
[2019-06-07T14:49:04.123509] [spgwc] [pfcp     ] [trace] Sending HEARTBEAT_RESPONSE, seq 6823938
[2019-06-07T14:49:09.123072] [spgwc] [pgwc_sx  ] [info ] TIME-OUT event timer id 194
[2019-06-07T14:49:09.123273] [spgwc] [pgwc_sx  ] [info ] PFCP HEARTBEAT PROCEDURE hash 1714894764 starting
[2019-06-07T14:49:09.123995] [spgwc] [pgwc_sx  ] [info ] handle_receive(16 bytes)
[2019-06-07T14:49:09.124386] [spgwc] [pgwc_sx  ] [trace] handle_receive_pfcp_msg msg type 1 length 12
[2019-06-07T14:49:09.124437] [spgwc] [pfcp     ] [trace] Sending HEARTBEAT_REQUEST, seq 3284037
[2019-06-07T14:49:09.124512] [spgwc] [pfcp     ] [trace] Sending HEARTBEAT_RESPONSE, seq 6823939
[2019-06-07T14:49:09.124923] [spgwc] [pgwc_sx  ] [info ] handle_receive(16 bytes)
[2019-06-07T14:49:09.124967] [spgwc] [pgwc_sx  ] [trace] handle_receive_pfcp_msg msg type 2 length 12
[2019-06-07T14:49:14.124648] [spgwc] [pgwc_sx  ] [info ] TIME-OUT event timer id 199
[2019-06-07T14:49:14.124959] [spgwc] [pgwc_sx  ] [info ] handle_receive(16 bytes)
[2019-06-07T14:49:14.125538] [spgwc] [pgwc_sx  ] [trace] handle_receive_pfcp_msg msg type 1 length 12
[2019-06-07T14:49:14.125639] [spgwc] [pfcp     ] [trace] Sending HEARTBEAT_RESPONSE, seq 6823940
[2019-06-07T14:49:19.125128] [spgwc] [pgwc_sx  ] [info ] TIME-OUT event timer id 200
[2019-06-07T14:49:19.125312] [spgwc] [pgwc_sx  ] [info ] PFCP HEARTBEAT PROCEDURE hash 1714894764 starting
[2019-06-07T14:49:19.126093] [spgwc] [pgwc_sx  ] [info ] handle_receive(16 bytes)
[2019-06-07T14:49:19.126284] [spgwc] [pgwc_sx  ] [trace] handle_receive_pfcp_msg msg type 1 length 12
[2019-06-07T14:49:19.126302] [spgwc] [pfcp     ] [trace] Sending HEARTBEAT_REQUEST, seq 3284038
[2019-06-07T14:49:19.126366] [spgwc] [pfcp     ] [trace] Sending HEARTBEAT_RESPONSE, seq 6823941
[2019-06-07T14:49:19.126680] [spgwc] [pgwc_sx  ] [info ] handle_receive(16 bytes)
[2019-06-07T14:49:19.126718] [spgwc] [pgwc_sx  ] [trace] handle_receive_pfcp_msg msg type 2 length 12
[2019-06-07T14:49:24.126520] [spgwc] [pgwc_sx  ] [info ] TIME-OUT event timer id 205
[2019-06-07T14:49:29.126899] [spgwc] [pgwc_sx  ] [info ] TIME-OUT event timer id 206
[2019-06-07T14:49:29.126981] [spgwc] [pgwc_sx  ] [info ] PFCP HEARTBEAT PROCEDURE hash 1714894764 starting
[2019-06-07T14:49:29.127174] [spgwc] [pfcp     ] [trace] Sending HEARTBEAT_REQUEST, seq 3284039
[2019-06-07T14:49:30.127342] [spgwc] [pgwc_sx  ] [info ] TIME-OUT event timer id 208
[2019-06-07T14:49:34.127155] [spgwc] [pgwc_sx  ] [info ] TIME-OUT event timer id 207
[2019-06-07T14:49:34.127256] [spgwc] [pgwc_sx  ] [info ] PFCP HEARTBEAT PROCEDURE hash 1714894764 TIMED OUT (retrie 0)
[2019-06-07T14:49:34.127470] [spgwc] [pfcp     ] [trace] Sending HEARTBEAT_REQUEST, seq 3284040
[2019-06-07T14:49:34.127719] [spgwc] [pgwc_sx  ] [info ] TIME-OUT event timer id 209
[2019-06-07T14:49:35.127634] [spgwc] [pgwc_sx  ] [info ] TIME-OUT event timer id 211
[2019-06-07T14:49:39.127425] [spgwc] [pgwc_sx  ] [info ] TIME-OUT event timer id 210
[2019-06-07T14:49:39.127511] [spgwc] [pgwc_sx  ] [info ] PFCP HEARTBEAT PROCEDURE hash 1714894764 TIMED OUT (retrie 1)
[2019-06-07T14:49:39.127709] [spgwc] [pfcp     ] [trace] Sending HEARTBEAT_REQUEST, seq 3284041
[2019-06-07T14:49:39.127922] [spgwc] [pgwc_sx  ] [info ] TIME-OUT event timer id 212
[2019-06-07T14:49:40.127913] [spgwc] [pgwc_sx  ] [info ] TIME-OUT event timer id 214
[2019-06-07T14:49:44.127689] [spgwc] [pgwc_sx  ] [info ] TIME-OUT event timer id 213
[2019-06-07T14:49:44.127788] [spgwc] [pgwc_sx  ] [warn ] PFCP HEARTBEAT PROCEDURE FAILED after 2 retries! TODO
[2019-06-07T14:49:44.128513] [spgwc] [pgwc_sx  ] [info ] TIME-OUT event timer id 215
