[2019-06-14T17:22:34.153346] [spgwu] [spgwu_app] [start] Options parsed
[2019-06-14T17:22:34.153922] [spgwu] [spgwu_app] [info ] SettingNotFoundException : SPGW-U.ITTI_TASKS, using defaults
[2019-06-14T17:22:34.154034] [spgwu] [spgwu_app] [info ] SettingNotFoundException : SPGW-U.INTERFACES.S1U_S12_S4_UP.SCHED_PARAMS, using defaults
[2019-06-14T17:22:34.154140] [spgwu] [spgwu_app] [info ] SettingNotFoundException : SPGW-U.INTERFACES.SX.SCHED_PARAMS, using defaults
[2019-06-14T17:22:34.154228] [spgwu] [spgwu_app] [info ] SettingNotFoundException : SPGW-U.INTERFACES.SGI.SCHED_PARAMS, using defaults
[2019-06-14T17:22:34.154404] [spgwu] [spgwu_app] [info ]   2001:1:2::0......: 2001:1:2::/64
[2019-06-14T17:22:34.154491] [spgwu] [spgwu_app] [info ] ==== EURECOM SPGW-U vBranch: master Abrev. Hash: 4fee0d1 Date: Mon May 27 12:59:45 2019 +0200 ====
[2019-06-14T17:22:34.154517] [spgwu] [spgwu_app] [info ] Configuration:
[2019-06-14T17:22:34.154533] [spgwu] [spgwu_app] [info ] - Instance ..............: 1
[2019-06-14T17:22:34.154547] [spgwu] [spgwu_app] [info ] - PID dir ...............: /var/run
[2019-06-14T17:22:34.154561] [spgwu] [spgwu_app] [info ] - ITTI tasks:
[2019-06-14T17:22:34.154575] [spgwu] [spgwu_app] [info ]     ITTI Timer task:
[2019-06-14T17:22:34.154591] [spgwu] [spgwu_app] [info ]       CPU ID .........: 0
[2019-06-14T17:22:34.154612] [spgwu] [spgwu_app] [info ]       sched policy....: 1
[2019-06-14T17:22:34.154626] [spgwu] [spgwu_app] [info ]       sched priority..: 85
[2019-06-14T17:22:34.154640] [spgwu] [spgwu_app] [info ]     SPGWU-S1U task:
[2019-06-14T17:22:34.154653] [spgwu] [spgwu_app] [info ]       CPU ID .........: 0
[2019-06-14T17:22:34.154667] [spgwu] [spgwu_app] [info ]       sched policy....: 1
[2019-06-14T17:22:34.154681] [spgwu] [spgwu_app] [info ]       sched priority..: 84
[2019-06-14T17:22:34.154699] [spgwu] [spgwu_app] [info ]     SPGWU-SX task:
[2019-06-14T17:22:34.154717] [spgwu] [spgwu_app] [info ]       CPU ID .........: 0
[2019-06-14T17:22:34.154731] [spgwu] [spgwu_app] [info ]       sched policy....: 1
[2019-06-14T17:22:34.154740] [spgwu] [spgwu_app] [info ]       sched priority..: 84
[2019-06-14T17:22:34.154752] [spgwu] [spgwu_app] [info ]     SPGWU_APP task:
[2019-06-14T17:22:34.154767] [spgwu] [spgwu_app] [info ]       CPU ID .........: 0
[2019-06-14T17:22:34.154780] [spgwu] [spgwu_app] [info ]       sched policy....: 1
[2019-06-14T17:22:34.154794] [spgwu] [spgwu_app] [info ]       sched priority..: 84
[2019-06-14T17:22:34.154808] [spgwu] [spgwu_app] [info ]     ASYNC_SHELL_CMD task:
[2019-06-14T17:22:34.154822] [spgwu] [spgwu_app] [info ]       CPU ID .........: 0
[2019-06-14T17:22:34.154835] [spgwu] [spgwu_app] [info ]       sched policy....: 1
[2019-06-14T17:22:34.154849] [spgwu] [spgwu_app] [info ]       sched priority..: 84
[2019-06-14T17:22:34.154868] [spgwu] [spgwu_app] [info ] - S1u_S12_S4:
[2019-06-14T17:22:34.154883] [spgwu] [spgwu_app] [info ]     iface ............: ens256
[2019-06-14T17:22:34.154897] [spgwu] [spgwu_app] [info ]     ipv4.addr ........: 192.168.248.159
[2019-06-14T17:22:34.154912] [spgwu] [spgwu_app] [info ]     ipv4.mask ........: 255.255.255.0
[2019-06-14T17:22:34.154926] [spgwu] [spgwu_app] [info ]     mtu ..............: 1500
[2019-06-14T17:22:34.154940] [spgwu] [spgwu_app] [info ]     port .............: 2152
[2019-06-14T17:22:34.154953] [spgwu] [spgwu_app] [info ]     Reader thread:
[2019-06-14T17:22:34.154967] [spgwu] [spgwu_app] [info ]       CPU ID .........: 0
[2019-06-14T17:22:34.154981] [spgwu] [spgwu_app] [info ]       sched policy....: 1
[2019-06-14T17:22:34.154995] [spgwu] [spgwu_app] [info ]       sched priority..: 98
[2019-06-14T17:22:34.155010] [spgwu] [spgwu_app] [info ] - SXA-SXB:
[2019-06-14T17:22:34.155027] [spgwu] [spgwu_app] [info ]     iface ............: ens193:sxu
[2019-06-14T17:22:34.155042] [spgwu] [spgwu_app] [info ]     ipv4.addr ........: 172.55.55.102
[2019-06-14T17:22:34.155057] [spgwu] [spgwu_app] [info ]     ipv4.mask ........: 255.255.0.0
[2019-06-14T17:22:34.155071] [spgwu] [spgwu_app] [info ]     mtu ..............: 1500
[2019-06-14T17:22:34.155115] [spgwu] [spgwu_app] [info ]     port .............: 8805
[2019-06-14T17:22:34.155131] [spgwu] [spgwu_app] [info ]     Reader thread:
[2019-06-14T17:22:34.155145] [spgwu] [spgwu_app] [info ]       CPU ID .........: 0 (TODO)
[2019-06-14T17:22:34.155159] [spgwu] [spgwu_app] [info ]       sched policy....: 1 (TODO)
[2019-06-14T17:22:34.155177] [spgwu] [spgwu_app] [info ]       sched priority..: 95 (TODO)
[2019-06-14T17:22:34.155192] [spgwu] [spgwu_app] [info ] - SGi:
[2019-06-14T17:22:34.155206] [spgwu] [spgwu_app] [info ]     iface ............: ens257
[2019-06-14T17:22:34.155221] [spgwu] [spgwu_app] [info ]     ipv4.addr ........: 12.1.1.11
[2019-06-14T17:22:34.155236] [spgwu] [spgwu_app] [info ]     ipv4.mask ........: 255.255.255.0
[2019-06-14T17:22:34.155250] [spgwu] [spgwu_app] [info ]     mtu ..............: 1500
[2019-06-14T17:22:34.155264] [spgwu] [spgwu_app] [info ]     gateway ..........: 
[2019-06-14T17:22:34.155277] [spgwu] [spgwu_app] [info ]     Reader thread:
[2019-06-14T17:22:34.155291] [spgwu] [spgwu_app] [info ]       CPU ID .........: 0
[2019-06-14T17:22:34.155305] [spgwu] [spgwu_app] [info ]       sched policy....: 1
[2019-06-14T17:22:34.155319] [spgwu] [spgwu_app] [info ]       sched priority..: 98
[2019-06-14T17:22:34.155336] [spgwu] [spgwu_app] [info ] - PDN networks:
[2019-06-14T17:22:34.155352] [spgwu] [spgwu_app] [info ]     PDN 1 ............: snat yes
[2019-06-14T17:22:34.155369] [spgwu] [spgwu_app] [info ]        NW .............: 12.2.1.12/24
[2019-06-14T17:22:34.155386] [spgwu] [spgwu_app] [info ]        NW .............: 2001:1:2::/64
[2019-06-14T17:22:34.155439] [spgwu] [itti     ] [start] Starting...
[2019-06-14T17:22:34.155650] [spgwu] [itti     ] [start] Started
[2019-06-14T17:22:34.155658] [spgwu] [itti     ] [info ] Starting timer_manager_task
[2019-06-14T17:22:34.155694] [spgwu] [async_c  ] [start] Starting...
[2019-06-14T17:22:34.156922] [spgwu] [async_c  ] [start] Started
[2019-06-14T17:22:34.156968] [spgwu] [spgwu_app] [start] Starting...
[2019-06-14T17:22:34.158209] [spgwu] [udp      ] [debug] Creating new listen socket on address 172.55.55.102 and port 8805

[2019-06-14T17:22:34.158241] [spgwu] [udp      ] [debug] udp_server::udp_server(172.55.55.102:8805)
[2019-06-14T17:22:34.158265] [spgwu] [udp      ] [debug] Creating new listen socket on address 172.55.55.102 and port 0

[2019-06-14T17:22:34.158284] [spgwu] [udp      ] [debug] udp_server::udp_server(172.55.55.102:0)
[2019-06-14T17:22:34.158308] [spgwu] [pfcp     ] [info ] pfcp_l4_stack created listening to 172.55.55.102:8805
[2019-06-14T17:22:34.158328] [spgwu] [udp      ] [trace] udp_server::start_receive
[2019-06-14T17:22:34.158460] [spgwu] [udp      ] [trace] udp_server::start_receive
[2019-06-14T17:22:34.159016] [spgwu] [spgwu_sx ] [start] Starting...
[2019-06-14T17:22:34.160403] [spgwu] [pfcp     ] [trace] Sending PFCP_ASSOCIATION_SETUP_REQUEST, seq 7332482
[2019-06-14T17:22:34.160564] [spgwu] [spgwu_sx ] [start] Started
[2019-06-14T17:22:34.160608] [spgwu] [udp      ] [debug] Creating new listen socket on address 192.168.248.159 and port 2152

[2019-06-14T17:22:34.160631] [spgwu] [udp      ] [debug] udp_server::udp_server(192.168.248.159:2152)
[2019-06-14T17:22:34.160646] [spgwu] [gtpv1_u  ] [info ] gtpu_l4_stack created listening to 192.168.248.159:2152
[2019-06-14T17:22:34.160662] [spgwu] [udp      ] [trace] udp_server::start_receive
[2019-06-14T17:22:34.161184] [spgwu] [spgwu_sx ] [info ] handle_receive(35 bytes)
[2019-06-14T17:22:34.161333] [spgwu] [spgwu_sx ] [info ] Received SX ASSOCIATION SETUP RESPONSE
[2019-06-14T17:22:34.161764] [spgwu] [spgwu_s1u] [start] Starting...
[2019-06-14T17:22:34.163022] [spgwu] [spgwu_s1u] [start] Started
[2019-06-14T17:22:35.278047] [spgwu] [spgwu_app] [start] Started
[2019-06-14T17:22:39.160697] [spgwu] [spgwu_sx ] [info ] TIME-OUT event timer id 2
[2019-06-14T17:22:39.161613] [spgwu] [spgwu_sx ] [info ] TIME-OUT event timer id 3
[2019-06-14T17:22:39.161656] [spgwu] [spgwu_sx ] [info ] PFCP HEARTBEAT PROCEDURE hash 1698117548 starting
[2019-06-14T17:22:39.161863] [spgwu] [pfcp     ] [trace] Sending HEARTBEAT_REQUEST, seq 7332483
[2019-06-14T17:22:39.162596] [spgwu] [spgwu_sx ] [info ] handle_receive(16 bytes)
[2019-06-14T17:22:39.162669] [spgwu] [spgwu_sx ] [info ] Received SX HEARTBEAT RESPONSE
[2019-06-14T17:22:44.161708] [spgwu] [spgwu_sx ] [info ] handle_receive(16 bytes)
[2019-06-14T17:22:44.161986] [spgwu] [spgwu_sx ] [info ] Received SX HEARTBEAT REQUEST
[2019-06-14T17:22:44.162086] [spgwu] [pfcp     ] [trace] Sending HEARTBEAT_RESPONSE, seq 15338446
[2019-06-14T17:22:44.162476] [spgwu] [spgwu_sx ] [info ] TIME-OUT event timer id 6
[2019-06-14T17:22:44.162800] [spgwu] [spgwu_sx ] [info ] TIME-OUT event timer id 7
[2019-06-14T17:22:44.162830] [spgwu] [spgwu_sx ] [info ] PFCP HEARTBEAT PROCEDURE hash 1698117548 starting
[2019-06-14T17:22:44.162881] [spgwu] [pfcp     ] [trace] Sending HEARTBEAT_REQUEST, seq 7332484
[2019-06-14T17:22:44.163187] [spgwu] [spgwu_sx ] [info ] handle_receive(16 bytes)
[2019-06-14T17:22:44.163241] [spgwu] [spgwu_sx ] [info ] Received SX HEARTBEAT RESPONSE
[2019-06-14T17:22:49.163071] [spgwu] [spgwu_sx ] [info ] TIME-OUT event timer id 11
[2019-06-14T17:22:49.163367] [spgwu] [spgwu_sx ] [info ] TIME-OUT event timer id 12
[2019-06-14T17:22:49.163395] [spgwu] [spgwu_sx ] [info ] PFCP HEARTBEAT PROCEDURE hash 1698117548 starting
[2019-06-14T17:22:49.163469] [spgwu] [pfcp     ] [trace] Sending HEARTBEAT_REQUEST, seq 7332485
[2019-06-14T17:22:49.163794] [spgwu] [spgwu_sx ] [info ] handle_receive(16 bytes)
[2019-06-14T17:22:49.163852] [spgwu] [spgwu_sx ] [info ] Received SX HEARTBEAT RESPONSE
[2019-06-14T17:22:54.163181] [spgwu] [spgwu_sx ] [info ] handle_receive(16 bytes)
[2019-06-14T17:22:54.163302] [spgwu] [spgwu_sx ] [info ] Received SX HEARTBEAT REQUEST
[2019-06-14T17:22:54.163343] [spgwu] [pfcp     ] [trace] Sending HEARTBEAT_RESPONSE, seq 15338447
[2019-06-14T17:22:54.163672] [spgwu] [spgwu_sx ] [info ] TIME-OUT event timer id 15
[2019-06-14T17:22:54.164005] [spgwu] [spgwu_sx ] [info ] TIME-OUT event timer id 16
[2019-06-14T17:22:54.164051] [spgwu] [spgwu_sx ] [info ] PFCP HEARTBEAT PROCEDURE hash 1698117548 starting
[2019-06-14T17:22:54.164112] [spgwu] [pfcp     ] [trace] Sending HEARTBEAT_REQUEST, seq 7332486
[2019-06-14T17:22:54.164429] [spgwu] [spgwu_sx ] [info ] handle_receive(16 bytes)
[2019-06-14T17:22:54.164504] [spgwu] [spgwu_sx ] [info ] Received SX HEARTBEAT RESPONSE
[2019-06-14T17:22:59.164302] [spgwu] [spgwu_sx ] [info ] TIME-OUT event timer id 20
[2019-06-14T17:22:59.164639] [spgwu] [spgwu_sx ] [info ] TIME-OUT event timer id 21
[2019-06-14T17:22:59.164683] [spgwu] [spgwu_sx ] [info ] PFCP HEARTBEAT PROCEDURE hash 1698117548 starting
[2019-06-14T17:22:59.164813] [spgwu] [pfcp     ] [trace] Sending HEARTBEAT_REQUEST, seq 7332487
[2019-06-14T17:22:59.165296] [spgwu] [spgwu_sx ] [info ] handle_receive(16 bytes)
[2019-06-14T17:22:59.165379] [spgwu] [spgwu_sx ] [info ] Received SX HEARTBEAT RESPONSE
[2019-06-14T17:23:04.164086] [spgwu] [spgwu_sx ] [info ] handle_receive(16 bytes)
[2019-06-14T17:23:04.164215] [spgwu] [spgwu_sx ] [info ] Received SX HEARTBEAT REQUEST
[2019-06-14T17:23:04.164274] [spgwu] [pfcp     ] [trace] Sending HEARTBEAT_RESPONSE, seq 15338448
[2019-06-14T17:23:04.165020] [spgwu] [spgwu_sx ] [info ] TIME-OUT event timer id 24
[2019-06-14T17:23:04.165545] [spgwu] [spgwu_sx ] [info ] TIME-OUT event timer id 25
[2019-06-14T17:23:04.165576] [spgwu] [spgwu_sx ] [info ] PFCP HEARTBEAT PROCEDURE hash 1698117548 starting
[2019-06-14T17:23:04.165645] [spgwu] [pfcp     ] [trace] Sending HEARTBEAT_REQUEST, seq 7332488
[2019-06-14T17:23:04.165972] [spgwu] [spgwu_sx ] [info ] handle_receive(16 bytes)
[2019-06-14T17:23:04.166038] [spgwu] [spgwu_sx ] [info ] Received SX HEARTBEAT RESPONSE
[2019-06-14T17:23:09.165848] [spgwu] [spgwu_sx ] [info ] TIME-OUT event timer id 29
[2019-06-14T17:23:09.166157] [spgwu] [spgwu_sx ] [info ] TIME-OUT event timer id 30
[2019-06-14T17:23:09.166187] [spgwu] [spgwu_sx ] [info ] PFCP HEARTBEAT PROCEDURE hash 1698117548 starting
[2019-06-14T17:23:09.166328] [spgwu] [pfcp     ] [trace] Sending HEARTBEAT_REQUEST, seq 7332489
[2019-06-14T17:23:09.166768] [spgwu] [spgwu_sx ] [info ] handle_receive(16 bytes)
[2019-06-14T17:23:09.166868] [spgwu] [spgwu_sx ] [info ] Received SX HEARTBEAT RESPONSE
[2019-06-14T17:23:14.165020] [spgwu] [spgwu_sx ] [info ] handle_receive(16 bytes)
[2019-06-14T17:23:14.165159] [spgwu] [spgwu_sx ] [info ] Received SX HEARTBEAT REQUEST
[2019-06-14T17:23:14.165215] [spgwu] [pfcp     ] [trace] Sending HEARTBEAT_RESPONSE, seq 15338449
[2019-06-14T17:23:14.166542] [spgwu] [spgwu_sx ] [info ] TIME-OUT event timer id 33
[2019-06-14T17:23:14.166983] [spgwu] [spgwu_sx ] [info ] TIME-OUT event timer id 34
[2019-06-14T17:23:14.167012] [spgwu] [spgwu_sx ] [info ] PFCP HEARTBEAT PROCEDURE hash 1698117548 starting
[2019-06-14T17:23:14.167077] [spgwu] [pfcp     ] [trace] Sending HEARTBEAT_REQUEST, seq 7332490
[2019-06-14T17:23:14.167302] [spgwu] [spgwu_sx ] [info ] handle_receive(16 bytes)
[2019-06-14T17:23:14.167351] [spgwu] [spgwu_sx ] [info ] Received SX HEARTBEAT RESPONSE
[2019-06-14T17:23:19.167261] [spgwu] [spgwu_sx ] [info ] TIME-OUT event timer id 38
[2019-06-14T17:23:19.167458] [spgwu] [spgwu_sx ] [info ] TIME-OUT event timer id 39
[2019-06-14T17:23:19.167491] [spgwu] [spgwu_sx ] [info ] PFCP HEARTBEAT PROCEDURE hash 1698117548 starting
[2019-06-14T17:23:19.167577] [spgwu] [pfcp     ] [trace] Sending HEARTBEAT_REQUEST, seq 7332491
[2019-06-14T17:23:19.167887] [spgwu] [spgwu_sx ] [info ] handle_receive(16 bytes)
[2019-06-14T17:23:19.167950] [spgwu] [spgwu_sx ] [info ] Received SX HEARTBEAT RESPONSE
[2019-06-14T17:23:24.165923] [spgwu] [spgwu_sx ] [info ] handle_receive(16 bytes)
[2019-06-14T17:23:24.166080] [spgwu] [spgwu_sx ] [info ] Received SX HEARTBEAT REQUEST
[2019-06-14T17:23:24.166143] [spgwu] [pfcp     ] [trace] Sending HEARTBEAT_RESPONSE, seq 15338450
[2019-06-14T17:23:24.167735] [spgwu] [spgwu_sx ] [info ] TIME-OUT event timer id 42
[2019-06-14T17:23:24.168060] [spgwu] [spgwu_sx ] [info ] TIME-OUT event timer id 43
[2019-06-14T17:23:24.168081] [spgwu] [spgwu_sx ] [info ] PFCP HEARTBEAT PROCEDURE hash 1698117548 starting
[2019-06-14T17:23:24.168131] [spgwu] [pfcp     ] [trace] Sending HEARTBEAT_REQUEST, seq 7332492
[2019-06-14T17:23:24.168367] [spgwu] [spgwu_sx ] [info ] handle_receive(16 bytes)
[2019-06-14T17:23:24.168421] [spgwu] [spgwu_sx ] [info ] Received SX HEARTBEAT RESPONSE
[2019-06-14T17:23:29.168817] [spgwu] [spgwu_sx ] [info ] TIME-OUT event timer id 47
[2019-06-14T17:23:29.168880] [spgwu] [spgwu_sx ] [info ] TIME-OUT event timer id 48
[2019-06-14T17:23:29.168895] [spgwu] [spgwu_sx ] [info ] PFCP HEARTBEAT PROCEDURE hash 1698117548 starting
[2019-06-14T17:23:29.168967] [spgwu] [pfcp     ] [trace] Sending HEARTBEAT_REQUEST, seq 7332493
[2019-06-14T17:23:29.169309] [spgwu] [spgwu_sx ] [info ] handle_receive(16 bytes)
[2019-06-14T17:23:29.169364] [spgwu] [spgwu_sx ] [info ] Received SX HEARTBEAT RESPONSE
[2019-06-14T17:23:34.166874] [spgwu] [spgwu_sx ] [info ] handle_receive(16 bytes)
[2019-06-14T17:23:34.167011] [spgwu] [spgwu_sx ] [info ] Received SX HEARTBEAT REQUEST
[2019-06-14T17:23:34.167069] [spgwu] [pfcp     ] [trace] Sending HEARTBEAT_RESPONSE, seq 15338451
[2019-06-14T17:23:34.169140] [spgwu] [spgwu_sx ] [info ] TIME-OUT event timer id 51
[2019-06-14T17:23:34.169473] [spgwu] [spgwu_sx ] [info ] TIME-OUT event timer id 52
[2019-06-14T17:23:34.169492] [spgwu] [spgwu_sx ] [info ] PFCP HEARTBEAT PROCEDURE hash 1698117548 starting
[2019-06-14T17:23:34.169546] [spgwu] [pfcp     ] [trace] Sending HEARTBEAT_REQUEST, seq 7332494
[2019-06-14T17:23:34.169765] [spgwu] [spgwu_sx ] [info ] handle_receive(16 bytes)
[2019-06-14T17:23:34.169814] [spgwu] [spgwu_sx ] [info ] Received SX HEARTBEAT RESPONSE
[2019-06-14T17:23:39.169732] [spgwu] [spgwu_sx ] [info ] TIME-OUT event timer id 56
[2019-06-14T17:23:39.169977] [spgwu] [spgwu_sx ] [info ] TIME-OUT event timer id 57
[2019-06-14T17:23:39.170011] [spgwu] [spgwu_sx ] [info ] PFCP HEARTBEAT PROCEDURE hash 1698117548 starting
[2019-06-14T17:23:39.170116] [spgwu] [pfcp     ] [trace] Sending HEARTBEAT_REQUEST, seq 7332495
[2019-06-14T17:23:39.170554] [spgwu] [spgwu_sx ] [info ] handle_receive(16 bytes)
[2019-06-14T17:23:39.170691] [spgwu] [spgwu_sx ] [info ] Received SX HEARTBEAT RESPONSE
[2019-06-14T17:23:44.167751] [spgwu] [spgwu_sx ] [info ] handle_receive(16 bytes)
[2019-06-14T17:23:44.167910] [spgwu] [spgwu_sx ] [info ] Received SX HEARTBEAT REQUEST
[2019-06-14T17:23:44.167970] [spgwu] [pfcp     ] [trace] Sending HEARTBEAT_RESPONSE, seq 15338452
[2019-06-14T17:23:44.170303] [spgwu] [spgwu_sx ] [info ] TIME-OUT event timer id 60
[2019-06-14T17:23:44.170824] [spgwu] [spgwu_sx ] [info ] TIME-OUT event timer id 61
[2019-06-14T17:23:44.170849] [spgwu] [spgwu_sx ] [info ] PFCP HEARTBEAT PROCEDURE hash 1698117548 starting
[2019-06-14T17:23:44.170904] [spgwu] [pfcp     ] [trace] Sending HEARTBEAT_REQUEST, seq 7332496
[2019-06-14T17:23:44.171216] [spgwu] [spgwu_sx ] [info ] handle_receive(16 bytes)
[2019-06-14T17:23:44.171290] [spgwu] [spgwu_sx ] [info ] Received SX HEARTBEAT RESPONSE
[2019-06-14T17:23:49.171110] [spgwu] [spgwu_sx ] [info ] TIME-OUT event timer id 65
[2019-06-14T17:23:49.171426] [spgwu] [spgwu_sx ] [info ] TIME-OUT event timer id 66
[2019-06-14T17:23:49.171460] [spgwu] [spgwu_sx ] [info ] PFCP HEARTBEAT PROCEDURE hash 1698117548 starting
[2019-06-14T17:23:49.171553] [spgwu] [pfcp     ] [trace] Sending HEARTBEAT_REQUEST, seq 7332497
[2019-06-14T17:23:49.171868] [spgwu] [spgwu_sx ] [info ] handle_receive(16 bytes)
[2019-06-14T17:23:49.171923] [spgwu] [spgwu_sx ] [info ] Received SX HEARTBEAT RESPONSE
[2019-06-14T17:23:54.168692] [spgwu] [spgwu_sx ] [info ] handle_receive(16 bytes)
[2019-06-14T17:23:54.168841] [spgwu] [spgwu_sx ] [info ] Received SX HEARTBEAT REQUEST
[2019-06-14T17:23:54.168898] [spgwu] [pfcp     ] [trace] Sending HEARTBEAT_RESPONSE, seq 15338453
[2019-06-14T17:23:54.171702] [spgwu] [spgwu_sx ] [info ] TIME-OUT event timer id 69
[2019-06-14T17:23:54.172123] [spgwu] [spgwu_sx ] [info ] TIME-OUT event timer id 70
[2019-06-14T17:23:54.172147] [spgwu] [spgwu_sx ] [info ] PFCP HEARTBEAT PROCEDURE hash 1698117548 starting
[2019-06-14T17:23:54.172196] [spgwu] [pfcp     ] [trace] Sending HEARTBEAT_REQUEST, seq 7332498
[2019-06-14T17:23:54.172426] [spgwu] [spgwu_sx ] [info ] handle_receive(16 bytes)
[2019-06-14T17:23:54.172477] [spgwu] [spgwu_sx ] [info ] Received SX HEARTBEAT RESPONSE
[2019-06-14T17:23:59.172361] [spgwu] [spgwu_sx ] [info ] TIME-OUT event timer id 74
[2019-06-14T17:23:59.172601] [spgwu] [spgwu_sx ] [info ] TIME-OUT event timer id 75
[2019-06-14T17:23:59.172628] [spgwu] [spgwu_sx ] [info ] PFCP HEARTBEAT PROCEDURE hash 1698117548 starting
[2019-06-14T17:23:59.172737] [spgwu] [pfcp     ] [trace] Sending HEARTBEAT_REQUEST, seq 7332499
[2019-06-14T17:23:59.173026] [spgwu] [spgwu_sx ] [info ] handle_receive(16 bytes)
[2019-06-14T17:23:59.173082] [spgwu] [spgwu_sx ] [info ] Received SX HEARTBEAT RESPONSE
[2019-06-14T17:24:04.169630] [spgwu] [spgwu_sx ] [info ] handle_receive(16 bytes)
[2019-06-14T17:24:04.169913] [spgwu] [spgwu_sx ] [info ] Received SX HEARTBEAT REQUEST
[2019-06-14T17:24:04.170000] [spgwu] [pfcp     ] [trace] Sending HEARTBEAT_RESPONSE, seq 15338454
[2019-06-14T17:24:04.172897] [spgwu] [spgwu_sx ] [info ] TIME-OUT event timer id 78
[2019-06-14T17:24:04.173208] [spgwu] [spgwu_sx ] [info ] TIME-OUT event timer id 79
[2019-06-14T17:24:04.173241] [spgwu] [spgwu_sx ] [info ] PFCP HEARTBEAT PROCEDURE hash 1698117548 starting
[2019-06-14T17:24:04.173333] [spgwu] [pfcp     ] [trace] Sending HEARTBEAT_REQUEST, seq 7332500
[2019-06-14T17:24:04.173750] [spgwu] [spgwu_sx ] [info ] handle_receive(16 bytes)
[2019-06-14T17:24:04.173897] [spgwu] [spgwu_sx ] [info ] Received SX HEARTBEAT RESPONSE
[2019-06-14T17:24:09.173554] [spgwu] [spgwu_sx ] [info ] TIME-OUT event timer id 83
[2019-06-14T17:24:09.174034] [spgwu] [spgwu_sx ] [info ] TIME-OUT event timer id 84
[2019-06-14T17:24:09.174058] [spgwu] [spgwu_sx ] [info ] PFCP HEARTBEAT PROCEDURE hash 1698117548 starting
[2019-06-14T17:24:09.174132] [spgwu] [pfcp     ] [trace] Sending HEARTBEAT_REQUEST, seq 7332501
[2019-06-14T17:24:09.174420] [spgwu] [spgwu_sx ] [info ] handle_receiv